- - - [25/Mar/2022:09:23:34 +0100] "GET / HTTP/1.1" 200 767 "-" "Mozilla/5.0 (X11; Linux x86_64) AppleWebKit/537.36 (KHTML, like Gecko) Chrome/99.0.4844.82 Safari/537.36"
- - - [25/Mar/2022:09:23:48 +0100] "GET /web/ HTTP/1.1" 200 1376 "http://localhost:81/" "Mozilla/5.0 (X11; Linux x86_64) AppleWebKit/537.36 (KHTML, like Gecko) Chrome/99.0.4844.82 Safari/537.36"
- - - [25/Mar/2022:09:23:48 +0100] "GET /web/assets/89b870a/css/bootstrap.css HTTP/1.1" 200 26384 "http://localhost:81/web/" "Mozilla/5.0 (X11; Linux x86_64) AppleWebKit/537.36 (KHTML, like Gecko) Chrome/99.0.4844.82 Safari/537.36"
- - - [25/Mar/2022:09:23:48 +0100] "GET /web/css/site.css HTTP/1.1" 200 605 "http://localhost:81/web/" "Mozilla/5.0 (X11; Linux x86_64) AppleWebKit/537.36 (KHTML, like Gecko) Chrome/99.0.4844.82 Safari/537.36"
- - - [25/Mar/2022:09:23:48 +0100] "GET /web/assets/b9b898b0/yii.js HTTP/1.1" 200 5813 "http://localhost:81/web/" "Mozilla/5.0 (X11; Linux x86_64) AppleWebKit/537.36 (KHTML, like Gecko) Chrome/99.0.4844.82 Safari/537.36"
- - - [25/Mar/2022:09:23:48 +0100] "GET /web/assets/89b870a/js/bootstrap.bundle.js HTTP/1.1" 200 49039 "http://localhost:81/web/" "Mozilla/5.0 (X11; Linux x86_64) AppleWebKit/537.36 (KHTML, like Gecko) Chrome/99.0.4844.82 Safari/537.36"
- - - [25/Mar/2022:09:23:48 +0100] "GET /web/assets/bac3bd97/jquery.js HTTP/1.1" 200 85119 "http://localhost:81/web/" "Mozilla/5.0 (X11; Linux x86_64) AppleWebKit/537.36 (KHTML, like Gecko) Chrome/99.0.4844.82 Safari/537.36"
- - - [25/Mar/2022:09:23:55 +0100] "OPTIONS * HTTP/1.0" 200 - "-" "Apache/2.4.52 (Debian) (internal dummy connection)"
- - - [25/Mar/2022:09:23:56 +0100] "OPTIONS * HTTP/1.0" 200 - "-" "Apache/2.4.52 (Debian) (internal dummy connection)"
- - - [25/Mar/2022:09:23:57 +0100] "OPTIONS * HTTP/1.0" 200 - "-" "Apache/2.4.52 (Debian) (internal dummy connection)"
- - - [25/Mar/2022:09:25:00 +0100] "GET /web/about HTTP/1.1" 200 1375 "-" "Mozilla/5.0 (X11; Linux x86_64) AppleWebKit/537.36 (KHTML, like Gecko) Chrome/99.0.4844.82 Safari/537.36"
- - - [25/Mar/2022:09:25:00 +0100] "GET /web/assets/89b870a/css/bootstrap.css HTTP/1.1" 200 26384 "http://localhost:81/web/about" "Mozilla/5.0 (X11; Linux x86_64) AppleWebKit/537.36 (KHTML, like Gecko) Chrome/99.0.4844.82 Safari/537.36"
- - - [25/Mar/2022:09:25:00 +0100] "GET /web/assets/b9b898b0/yii.js HTTP/1.1" 200 5813 "http://localhost:81/web/about" "Mozilla/5.0 (X11; Linux x86_64) AppleWebKit/537.36 (KHTML, like Gecko) Chrome/99.0.4844.82 Safari/537.36"
- - - [25/Mar/2022:09:25:00 +0100] "GET /web/assets/89b870a/js/bootstrap.bundle.js HTTP/1.1" 200 49039 "http://localhost:81/web/about" "Mozilla/5.0 (X11; Linux x86_64) AppleWebKit/537.36 (KHTML, like Gecko) Chrome/99.0.4844.82 Safari/537.36"
- - - [25/Mar/2022:09:25:00 +0100] "GET /web/assets/bac3bd97/jquery.js HTTP/1.1" 200 85119 "http://localhost:81/web/about" "Mozilla/5.0 (X11; Linux x86_64) AppleWebKit/537.36 (KHTML, like Gecko) Chrome/99.0.4844.82 Safari/537.36"
- - - [25/Mar/2022:09:25:04 +0100] "GET /web/asdsadsa HTTP/1.1" 200 1380 "-" "Mozilla/5.0 (X11; Linux x86_64) AppleWebKit/537.36 (KHTML, like Gecko) Chrome/99.0.4844.82 Safari/537.36"
- - - [25/Mar/2022:09:25:09 +0100] "GET /web/ HTTP/1.1" 200 1376 "-" "Mozilla/5.0 (X11; Linux x86_64) AppleWebKit/537.36 (KHTML, like Gecko) Chrome/99.0.4844.82 Safari/537.36"
- - - [25/Mar/2022:09:25:09 +0100] "GET /web/assets/89b870a/css/bootstrap.css HTTP/1.1" 200 26384 "http://localhost:81/web/" "Mozilla/5.0 (X11; Linux x86_64) AppleWebKit/537.36 (KHTML, like Gecko) Chrome/99.0.4844.82 Safari/537.36"
- - - [25/Mar/2022:09:25:09 +0100] "GET /web/assets/b9b898b0/yii.js HTTP/1.1" 200 5813 "http://localhost:81/web/" "Mozilla/5.0 (X11; Linux x86_64) AppleWebKit/537.36 (KHTML, like Gecko) Chrome/99.0.4844.82 Safari/537.36"
- - - [25/Mar/2022:09:25:09 +0100] "GET /web/assets/89b870a/js/bootstrap.bundle.js HTTP/1.1" 200 49039 "http://localhost:81/web/" "Mozilla/5.0 (X11; Linux x86_64) AppleWebKit/537.36 (KHTML, like Gecko) Chrome/99.0.4844.82 Safari/537.36"
- - - [25/Mar/2022:09:25:09 +0100] "GET /web/assets/bac3bd97/jquery.js HTTP/1.1" 200 85119 "http://localhost:81/web/" "Mozilla/5.0 (X11; Linux x86_64) AppleWebKit/537.36 (KHTML, like Gecko) Chrome/99.0.4844.82 Safari/537.36"
- - - [25/Mar/2022:09:25:27 +0100] "GET /login HTTP/1.1" 404 271 "-" "Mozilla/5.0 (X11; Linux x86_64) AppleWebKit/537.36 (KHTML, like Gecko) Chrome/99.0.4844.82 Safari/537.36"
- - - [25/Mar/2022:09:25:30 +0100] "GET /web/ HTTP/1.1" 200 1379 "-" "Mozilla/5.0 (X11; Linux x86_64) AppleWebKit/537.36 (KHTML, like Gecko) Chrome/99.0.4844.82 Safari/537.36"
- - - [25/Mar/2022:09:25:32 +0100] "GET /web/login HTTP/1.1" 200 1376 "-" "Mozilla/5.0 (X11; Linux x86_64) AppleWebKit/537.36 (KHTML, like Gecko) Chrome/99.0.4844.82 Safari/537.36"
- - - [25/Mar/2022:09:25:33 +0100] "GET /web/assets/b9b898b0/yii.js HTTP/1.1" 200 5813 "http://localhost:81/web/login" "Mozilla/5.0 (X11; Linux x86_64) AppleWebKit/537.36 (KHTML, like Gecko) Chrome/99.0.4844.82 Safari/537.36"
- - - [25/Mar/2022:09:25:33 +0100] "GET /web/assets/89b870a/css/bootstrap.css HTTP/1.1" 200 26384 "http://localhost:81/web/login" "Mozilla/5.0 (X11; Linux x86_64) AppleWebKit/537.36 (KHTML, like Gecko) Chrome/99.0.4844.82 Safari/537.36"
- - - [25/Mar/2022:09:25:33 +0100] "GET /web/assets/89b870a/js/bootstrap.bundle.js HTTP/1.1" 200 49039 "http://localhost:81/web/login" "Mozilla/5.0 (X11; Linux x86_64) AppleWebKit/537.36 (KHTML, like Gecko) Chrome/99.0.4844.82 Safari/537.36"
- - - [25/Mar/2022:09:25:33 +0100] "GET /web/assets/bac3bd97/jquery.js HTTP/1.1" 200 85119 "http://localhost:81/web/login" "Mozilla/5.0 (X11; Linux x86_64) AppleWebKit/537.36 (KHTML, like Gecko) Chrome/99.0.4844.82 Safari/537.36"
- - - [25/Mar/2022:10:03:24 +0100] "GET /web//index.php?r=site%2Fsay&message=Hello+World HTTP/1.1" 200 887 "-" "Mozilla/5.0 (X11; Linux x86_64) AppleWebKit/537.36 (KHTML, like Gecko) Chrome/99.0.4844.82 Safari/537.36"
- - - [25/Mar/2022:10:03:25 +0100] "GET /web/assets/b9b898b0/yii.js HTTP/1.1" 200 5813 "http://localhost:81/web//index.php?r=site%2Fsay&message=Hello+World" "Mozilla/5.0 (X11; Linux x86_64) AppleWebKit/537.36 (KHTML, like Gecko) Chrome/99.0.4844.82 Safari/537.36"
- - - [25/Mar/2022:10:03:25 +0100] "GET /web/assets/89b870a/css/bootstrap.css HTTP/1.1" 200 26384 "http://localhost:81/web//index.php?r=site%2Fsay&message=Hello+World" "Mozilla/5.0 (X11; Linux x86_64) AppleWebKit/537.36 (KHTML, like Gecko) Chrome/99.0.4844.82 Safari/537.36"
- - - [25/Mar/2022:10:03:25 +0100] "GET /web/assets/89b870a/js/bootstrap.bundle.js HTTP/1.1" 200 49039 "http://localhost:81/web//index.php?r=site%2Fsay&message=Hello+World" "Mozilla/5.0 (X11; Linux x86_64) AppleWebKit/537.36 (KHTML, like Gecko) Chrome/99.0.4844.82 Safari/537.36"
- - - [25/Mar/2022:10:03:25 +0100] "GET /web/assets/bac3bd97/jquery.js HTTP/1.1" 200 85119 "http://localhost:81/web//index.php?r=site%2Fsay&message=Hello+World" "Mozilla/5.0 (X11; Linux x86_64) AppleWebKit/537.36 (KHTML, like Gecko) Chrome/99.0.4844.82 Safari/537.36"
- - - [25/Mar/2022:10:04:28 +0100] "GET /web//index.php?r=site%2Fsay&message=Hello+asd HTTP/1.1" 200 881 "-" "Mozilla/5.0 (X11; Linux x86_64) AppleWebKit/537.36 (KHTML, like Gecko) Chrome/99.0.4844.82 Safari/537.36"
- - - [25/Mar/2022:10:05:20 +0100] "-" 408 - "-" "-"
- - - [25/Mar/2022:10:05:53 +0100] "GET /web//index.php?r=site%2contact&message=Hello+asd HTTP/1.1" 404 2367 "-" "Mozilla/5.0 (X11; Linux x86_64) AppleWebKit/537.36 (KHTML, like Gecko) Chrome/99.0.4844.82 Safari/537.36"
- - - [25/Mar/2022:10:06:01 +0100] "GET /web//index.php?r=contact%C5%B1&message=Hello+asd HTTP/1.1" 404 2367 "-" "Mozilla/5.0 (X11; Linux x86_64) AppleWebKit/537.36 (KHTML, like Gecko) Chrome/99.0.4844.82 Safari/537.36"
- - - [25/Mar/2022:10:06:04 +0100] "GET /web//index.php?r=contact&message=Hello+asd HTTP/1.1" 404 2367 "-" "Mozilla/5.0 (X11; Linux x86_64) AppleWebKit/537.36 (KHTML, like Gecko) Chrome/99.0.4844.82 Safari/537.36"
- - - [25/Mar/2022:10:06:08 +0100] "GET /web//index.php?r= HTTP/1.1" 200 1375 "-" "Mozilla/5.0 (X11; Linux x86_64) AppleWebKit/537.36 (KHTML, like Gecko) Chrome/99.0.4844.82 Safari/537.36"
- - - [25/Mar/2022:10:06:23 +0100] "GET /web//index.php?r=about HTTP/1.1" 404 2367 "-" "Mozilla/5.0 (X11; Linux x86_64) AppleWebKit/537.36 (KHTML, like Gecko) Chrome/99.0.4844.82 Safari/537.36"
- - - [25/Mar/2022:10:06:49 +0100] "GET /web//index.php?r= HTTP/1.1" 200 1379 "-" "Mozilla/5.0 (X11; Linux x86_64) AppleWebKit/537.36 (KHTML, like Gecko) Chrome/99.0.4844.82 Safari/537.36"
- - - [25/Mar/2022:10:06:50 +0100] "GET /web//index.php?r=contact&message=Hello+asd HTTP/1.1" 404 2367 "-" "Mozilla/5.0 (X11; Linux x86_64) AppleWebKit/537.36 (KHTML, like Gecko) Chrome/99.0.4844.82 Safari/537.36"
- - - [25/Mar/2022:10:06:51 +0100] "GET /web//index.php?r=contact%C5%B1&message=Hello+asd HTTP/1.1" 404 2367 "-" "Mozilla/5.0 (X11; Linux x86_64) AppleWebKit/537.36 (KHTML, like Gecko) Chrome/99.0.4844.82 Safari/537.36"
- - - [25/Mar/2022:10:06:52 +0100] "GET /web//index.php?r=site%2contact&message=Hello+asd HTTP/1.1" 404 2367 "-" "Mozilla/5.0 (X11; Linux x86_64) AppleWebKit/537.36 (KHTML, like Gecko) Chrome/99.0.4844.82 Safari/537.36"
- - - [25/Mar/2022:10:06:54 +0100] "GET /web//index.php?r=site%2contact&message=Hello+asd HTTP/1.1" 404 2367 "-" "Mozilla/5.0 (X11; Linux x86_64) AppleWebKit/537.36 (KHTML, like Gecko) Chrome/99.0.4844.82 Safari/537.36"
- - - [25/Mar/2022:10:06:56 +0100] "GET /web//index.php?r=site%2Fsay&message=Hello+asd HTTP/1.1" 200 885 "-" "Mozilla/5.0 (X11; Linux x86_64) AppleWebKit/537.36 (KHTML, like Gecko) Chrome/99.0.4844.82 Safari/537.36"
- - - [25/Mar/2022:10:07:41 +0100] "-" 408 - "-" "-"
- - - [25/Mar/2022:10:07:59 +0100] "GET /web//index.php?r=site/say&message=Hello+asd HTTP/1.1" 200 886 "-" "Mozilla/5.0 (X11; Linux x86_64) AppleWebKit/537.36 (KHTML, like Gecko) Chrome/99.0.4844.82 Safari/537.36"
- - - [25/Mar/2022:10:07:59 +0100] "GET /web/assets/89b870a/css/bootstrap.css HTTP/1.1" 200 26384 "http://localhost:81/web//index.php?r=site/say&message=Hello+asd" "Mozilla/5.0 (X11; Linux x86_64) AppleWebKit/537.36 (KHTML, like Gecko) Chrome/99.0.4844.82 Safari/537.36"
- - - [25/Mar/2022:10:07:59 +0100] "GET /web/assets/b9b898b0/yii.js HTTP/1.1" 200 5813 "http://localhost:81/web//index.php?r=site/say&message=Hello+asd" "Mozilla/5.0 (X11; Linux x86_64) AppleWebKit/537.36 (KHTML, like Gecko) Chrome/99.0.4844.82 Safari/537.36"
- - - [25/Mar/2022:10:07:59 +0100] "GET /web/assets/89b870a/js/bootstrap.bundle.js HTTP/1.1" 200 49039 "http://localhost:81/web//index.php?r=site/say&message=Hello+asd" "Mozilla/5.0 (X11; Linux x86_64) AppleWebKit/537.36 (KHTML, like Gecko) Chrome/99.0.4844.82 Safari/537.36"
- - - [25/Mar/2022:10:07:59 +0100] "GET /web/assets/bac3bd97/jquery.js HTTP/1.1" 200 85119 "http://localhost:81/web//index.php?r=site/say&message=Hello+asd" "Mozilla/5.0 (X11; Linux x86_64) AppleWebKit/537.36 (KHTML, like Gecko) Chrome/99.0.4844.82 Safari/537.36"
- - - [25/Mar/2022:10:08:20 +0100] "GET /web//index.php?r=site/about&message=Hello+asd HTTP/1.1" 200 1053 "-" "Mozilla/5.0 (X11; Linux x86_64) AppleWebKit/537.36 (KHTML, like Gecko) Chrome/99.0.4844.82 Safari/537.36"
- - - [25/Mar/2022:10:08:35 +0100] "GET /web//index.php?r=site/login&message=Hello+asd HTTP/1.1" 200 1845 "-" "Mozilla/5.0 (X11; Linux x86_64) AppleWebKit/537.36 (KHTML, like Gecko) Chrome/99.0.4844.82 Safari/537.36"
- - - [25/Mar/2022:10:08:35 +0100] "GET /web/assets/b9b898b0/yii.validation.js HTTP/1.1" 200 3068 "http://localhost:81/web//index.php?r=site/login&message=Hello+asd" "Mozilla/5.0 (X11; Linux x86_64) AppleWebKit/537.36 (KHTML, like Gecko) Chrome/99.0.4844.82 Safari/537.36"
- - - [25/Mar/2022:10:08:35 +0100] "GET /web/assets/b9b898b0/yii.activeForm.js HTTP/1.1" 200 7457 "http://localhost:81/web//index.php?r=site/login&message=Hello+asd" "Mozilla/5.0 (X11; Linux x86_64) AppleWebKit/537.36 (KHTML, like Gecko) Chrome/99.0.4844.82 Safari/537.36"
- - - [25/Mar/2022:10:08:40 +0100] "POST /web//index.php?r=site/login&message=Hello+asd HTTP/1.1" 302 - "http://localhost:81/web//index.php?r=site/login&message=Hello+asd" "Mozilla/5.0 (X11; Linux x86_64) AppleWebKit/537.36 (KHTML, like Gecko) Chrome/99.0.4844.82 Safari/537.36"
- - - [25/Mar/2022:10:08:40 +0100] "GET /web/index.php HTTP/1.1" 200 1459 "http://localhost:81/web//index.php?r=site/login&message=Hello+asd" "Mozilla/5.0 (X11; Linux x86_64) AppleWebKit/537.36 (KHTML, like Gecko) Chrome/99.0.4844.82 Safari/537.36"
- - - [25/Mar/2022:10:08:48 +0100] "GET /web/index.php?r=site%2Fabout HTTP/1.1" 200 1138 "http://localhost:81/web/index.php" "Mozilla/5.0 (X11; Linux x86_64) AppleWebKit/537.36 (KHTML, like Gecko) Chrome/99.0.4844.82 Safari/537.36"
- - - [25/Mar/2022:10:08:49 +0100] "GET /web/index.php?r=site%2Fcontact HTTP/1.1" 200 2120 "http://localhost:81/web/index.php?r=site%2Fabout" "Mozilla/5.0 (X11; Linux x86_64) AppleWebKit/537.36 (KHTML, like Gecko) Chrome/99.0.4844.82 Safari/537.36"
- - - [25/Mar/2022:10:08:49 +0100] "GET /web/assets/b9b898b0/yii.captcha.js HTTP/1.1" 200 739 "http://localhost:81/web/index.php?r=site%2Fcontact" "Mozilla/5.0 (X11; Linux x86_64) AppleWebKit/537.36 (KHTML, like Gecko) Chrome/99.0.4844.82 Safari/537.36"
- - - [25/Mar/2022:10:08:49 +0100] "GET /web/index.php?r=site%2Fcaptcha&v=623d86a17d7645.33122768 HTTP/1.1" 200 2872 "http://localhost:81/web/index.php?r=site%2Fcontact" "Mozilla/5.0 (X11; Linux x86_64) AppleWebKit/537.36 (KHTML, like Gecko) Chrome/99.0.4844.82 Safari/537.36"
- - - [25/Mar/2022:10:08:50 +0100] "POST /web/index.php?r=site%2Flogout HTTP/1.1" 302 - "http://localhost:81/web/index.php?r=site%2Fcontact" "Mozilla/5.0 (X11; Linux x86_64) AppleWebKit/537.36 (KHTML, like Gecko) Chrome/99.0.4844.82 Safari/537.36"
- - - [25/Mar/2022:10:08:50 +0100] "GET /web/index.php HTTP/1.1" 200 1374 "http://localhost:81/web/index.php?r=site%2Fcontact" "Mozilla/5.0 (X11; Linux x86_64) AppleWebKit/537.36 (KHTML, like Gecko) Chrome/99.0.4844.82 Safari/537.36"
- - - [25/Mar/2022:10:08:54 +0100] "GET /web/index.php HTTP/1.1" 200 1379 "http://localhost:81/web/index.php" "Mozilla/5.0 (X11; Linux x86_64) AppleWebKit/537.36 (KHTML, like Gecko) Chrome/99.0.4844.82 Safari/537.36"
- - - [25/Mar/2022:10:08:55 +0100] "GET /web/index.php?r=site%2Fabout HTTP/1.1" 200 1051 "http://localhost:81/web/index.php" "Mozilla/5.0 (X11; Linux x86_64) AppleWebKit/537.36 (KHTML, like Gecko) Chrome/99.0.4844.82 Safari/537.36"
- - - [25/Mar/2022:10:08:56 +0100] "GET /web/index.php?r=site%2Findex HTTP/1.1" 200 1374 "http://localhost:81/web/index.php?r=site%2Fabout" "Mozilla/5.0 (X11; Linux x86_64) AppleWebKit/537.36 (KHTML, like Gecko) Chrome/99.0.4844.82 Safari/537.36"
- - - [25/Mar/2022:10:08:57 +0100] "GET /web/index.php HTTP/1.1" 200 1377 "http://localhost:81/web/index.php?r=site%2Findex" "Mozilla/5.0 (X11; Linux x86_64) AppleWebKit/537.36 (KHTML, like Gecko) Chrome/99.0.4844.82 Safari/537.36"
- - - [25/Mar/2022:10:09:47 +0100] "-" 408 - "-" "-"
- - - [25/Mar/2022:10:10:06 +0100] "GET /web/index.php?r=site%2Fabout HTTP/1.1" 200 1049 "http://localhost:81/web/index.php" "Mozilla/5.0 (X11; Linux x86_64) AppleWebKit/537.36 (KHTML, like Gecko) Chrome/99.0.4844.82 Safari/537.36"
- - - [25/Mar/2022:10:10:57 +0100] "-" 408 - "-" "-"
- - - [25/Mar/2022:10:26:33 +0100] "GET /web/index.php?r=site%2Fentry HTTP/1.1" 404 2367 "-" "Mozilla/5.0 (X11; Linux x86_64) AppleWebKit/537.36 (KHTML, like Gecko) Chrome/99.0.4844.82 Safari/537.36"
- - - [25/Mar/2022:10:26:33 +0100] "GET /web/assets/b9b898b0/yii.js HTTP/1.1" 200 5813 "http://localhost:81/web/index.php?r=site%2Fentry" "Mozilla/5.0 (X11; Linux x86_64) AppleWebKit/537.36 (KHTML, like Gecko) Chrome/99.0.4844.82 Safari/537.36"
- - - [25/Mar/2022:10:26:33 +0100] "GET /web/assets/89b870a/css/bootstrap.css HTTP/1.1" 200 26384 "http://localhost:81/web/index.php?r=site%2Fentry" "Mozilla/5.0 (X11; Linux x86_64) AppleWebKit/537.36 (KHTML, like Gecko) Chrome/99.0.4844.82 Safari/537.36"
- - - [25/Mar/2022:10:26:33 +0100] "GET /web/assets/89b870a/js/bootstrap.bundle.js HTTP/1.1" 200 49039 "http://localhost:81/web/index.php?r=site%2Fentry" "Mozilla/5.0 (X11; Linux x86_64) AppleWebKit/537.36 (KHTML, like Gecko) Chrome/99.0.4844.82 Safari/537.36"
- - - [25/Mar/2022:10:26:33 +0100] "GET /web/assets/bac3bd97/jquery.js HTTP/1.1" 200 85119 "http://localhost:81/web/index.php?r=site%2Fentry" "Mozilla/5.0 (X11; Linux x86_64) AppleWebKit/537.36 (KHTML, like Gecko) Chrome/99.0.4844.82 Safari/537.36"
- - - [25/Mar/2022:10:26:43 +0100] "GET /web/index.php?r=site/entry HTTP/1.1" 404 2367 "-" "Mozilla/5.0 (X11; Linux x86_64) AppleWebKit/537.36 (KHTML, like Gecko) Chrome/99.0.4844.82 Safari/537.36"
- - - [25/Mar/2022:10:27:27 +0100] "GET /web/index.php?r=site/entry HTTP/1.1" 500 59758 "-" "Mozilla/5.0 (X11; Linux x86_64) AppleWebKit/537.36 (KHTML, like Gecko) Chrome/99.0.4844.82 Safari/537.36"
- - - [25/Mar/2022:10:27:28 +0100] "GET /favicon.ico HTTP/1.1" 404 271 "http://localhost:81/web/index.php?r=site/entry" "Mozilla/5.0 (X11; Linux x86_64) AppleWebKit/537.36 (KHTML, like Gecko) Chrome/99.0.4844.82 Safari/537.36"
- - - [25/Mar/2022:10:28:02 +0100] "GET /web/index.php?r=site/entry HTTP/1.1" 500 102105 "-" "Mozilla/5.0 (X11; Linux x86_64) AppleWebKit/537.36 (KHTML, like Gecko) Chrome/99.0.4844.82 Safari/537.36"
- - - [25/Mar/2022:10:28:02 +0100] "GET /favicon.ico HTTP/1.1" 404 271 "http://localhost:81/web/index.php?r=site/entry" "Mozilla/5.0 (X11; Linux x86_64) AppleWebKit/537.36 (KHTML, like Gecko) Chrome/99.0.4844.82 Safari/537.36"
- - - [25/Mar/2022:10:33:23 +0100] "GET /web/index.php?r=site/entry HTTP/1.1" 500 97047 "-" "Mozilla/5.0 (X11; Linux x86_64) AppleWebKit/537.36 (KHTML, like Gecko) Chrome/99.0.4844.82 Safari/537.36"
- - - [25/Mar/2022:10:33:23 +0100] "GET /favicon.ico HTTP/1.1" 404 271 "http://localhost:81/web/index.php?r=site/entry" "Mozilla/5.0 (X11; Linux x86_64) AppleWebKit/537.36 (KHTML, like Gecko) Chrome/99.0.4844.82 Safari/537.36"
- - - [25/Mar/2022:10:37:10 +0100] "GET /web/index.php?r=site/entry HTTP/1.1" 500 101895 "-" "Mozilla/5.0 (X11; Linux x86_64) AppleWebKit/537.36 (KHTML, like Gecko) Chrome/99.0.4844.82 Safari/537.36"
- - - [25/Mar/2022:10:37:10 +0100] "GET /favicon.ico HTTP/1.1" 404 271 "http://localhost:81/web/index.php?r=site/entry" "Mozilla/5.0 (X11; Linux x86_64) AppleWebKit/537.36 (KHTML, like Gecko) Chrome/99.0.4844.82 Safari/537.36"
- - - [25/Mar/2022:10:39:30 +0100] "GET /web/index.php?r=site/entry HTTP/1.1" 200 1444 "-" "Mozilla/5.0 (X11; Linux x86_64) AppleWebKit/537.36 (KHTML, like Gecko) Chrome/99.0.4844.82 Safari/537.36"
- - - [25/Mar/2022:10:39:30 +0100] "GET /web/css/site.css HTTP/1.1" 200 605 "http://localhost:81/web/index.php?r=site/entry" "Mozilla/5.0 (X11; Linux x86_64) AppleWebKit/537.36 (KHTML, like Gecko) Chrome/99.0.4844.82 Safari/537.36"
- - - [25/Mar/2022:10:39:30 +0100] "GET /web/assets/b9b898b0/yii.validation.js HTTP/1.1" 200 3068 "http://localhost:81/web/index.php?r=site/entry" "Mozilla/5.0 (X11; Linux x86_64) AppleWebKit/537.36 (KHTML, like Gecko) Chrome/99.0.4844.82 Safari/537.36"
- - - [25/Mar/2022:10:39:30 +0100] "GET /web/assets/b9b898b0/yii.js HTTP/1.1" 200 5813 "http://localhost:81/web/index.php?r=site/entry" "Mozilla/5.0 (X11; Linux x86_64) AppleWebKit/537.36 (KHTML, like Gecko) Chrome/99.0.4844.82 Safari/537.36"
- - - [25/Mar/2022:10:39:30 +0100] "GET /web/assets/b9b898b0/yii.activeForm.js HTTP/1.1" 200 7457 "http://localhost:81/web/index.php?r=site/entry" "Mozilla/5.0 (X11; Linux x86_64) AppleWebKit/537.36 (KHTML, like Gecko) Chrome/99.0.4844.82 Safari/537.36"
- - - [25/Mar/2022:10:39:30 +0100] "GET /web/assets/89b870a/css/bootstrap.css HTTP/1.1" 200 26384 "http://localhost:81/web/index.php?r=site/entry" "Mozilla/5.0 (X11; Linux x86_64) AppleWebKit/537.36 (KHTML, like Gecko) Chrome/99.0.4844.82 Safari/537.36"
- - - [25/Mar/2022:10:39:30 +0100] "GET /web/assets/bac3bd97/jquery.js HTTP/1.1" 200 85119 "http://localhost:81/web/index.php?r=site/entry" "Mozilla/5.0 (X11; Linux x86_64) AppleWebKit/537.36 (KHTML, like Gecko) Chrome/99.0.4844.82 Safari/537.36"
- - - [25/Mar/2022:10:39:31 +0100] "GET /web/assets/89b870a/js/bootstrap.bundle.js HTTP/1.1" 200 49039 "http://localhost:81/web/index.php?r=site/entry" "Mozilla/5.0 (X11; Linux x86_64) AppleWebKit/537.36 (KHTML, like Gecko) Chrome/99.0.4844.82 Safari/537.36"
- - - [25/Mar/2022:10:39:31 +0100] "GET /favicon.ico HTTP/1.1" 404 271 "http://localhost:81/web/index.php?r=site/entry" "Mozilla/5.0 (X11; Linux x86_64) AppleWebKit/537.36 (KHTML, like Gecko) Chrome/99.0.4844.82 Safari/537.36"
- - - [25/Mar/2022:10:39:38 +0100] "OPTIONS * HTTP/1.0" 200 - "-" "Apache/2.4.52 (Debian) (internal dummy connection)"
- - - [25/Mar/2022:10:39:39 +0100] "POST /web/index.php?r=site/entry HTTP/1.1" 200 955 "http://localhost:81/web/index.php?r=site/entry" "Mozilla/5.0 (X11; Linux x86_64) AppleWebKit/537.36 (KHTML, like Gecko) Chrome/99.0.4844.82 Safari/537.36"
- - - [25/Mar/2022:10:40:31 +0100] "-" 408 - "-" "-"
- - - [25/Mar/2022:11:38:53 +0100] "-" 408 - "-" "-"
- - - [25/Mar/2022:11:55:59 +0100] "GET /web//index.php?r=country%2Findex HTTP/1.1" 500 97224 "-" "Mozilla/5.0 (X11; Linux x86_64) AppleWebKit/537.36 (KHTML, like Gecko) Chrome/99.0.4844.82 Safari/537.36"
- - - [25/Mar/2022:11:56:51 +0100] "-" 408 - "-" "-"
- - - [25/Mar/2022:11:59:11 +0100] "GET /web//index.php?r=country%2Findex HTTP/1.1" 200 1101 "-" "Mozilla/5.0 (X11; Linux x86_64) AppleWebKit/537.36 (KHTML, like Gecko) Chrome/99.0.4844.82 Safari/537.36"
- - - [25/Mar/2022:11:59:11 +0100] "GET /web/css/site.css HTTP/1.1" 200 605 "http://localhost:81/web//index.php?r=country%2Findex" "Mozilla/5.0 (X11; Linux x86_64) AppleWebKit/537.36 (KHTML, like Gecko) Chrome/99.0.4844.82 Safari/537.36"
- - - [25/Mar/2022:11:59:11 +0100] "GET /web/assets/b9b898b0/yii.js HTTP/1.1" 200 5813 "http://localhost:81/web//index.php?r=country%2Findex" "Mozilla/5.0 (X11; Linux x86_64) AppleWebKit/537.36 (KHTML, like Gecko) Chrome/99.0.4844.82 Safari/537.36"
- - - [25/Mar/2022:11:59:11 +0100] "GET /web/assets/89b870a/css/bootstrap.css HTTP/1.1" 200 26384 "http://localhost:81/web//index.php?r=country%2Findex" "Mozilla/5.0 (X11; Linux x86_64) AppleWebKit/537.36 (KHTML, like Gecko) Chrome/99.0.4844.82 Safari/537.36"
- - - [25/Mar/2022:11:59:11 +0100] "GET /web/assets/89b870a/js/bootstrap.bundle.js HTTP/1.1" 200 49039 "http://localhost:81/web//index.php?r=country%2Findex" "Mozilla/5.0 (X11; Linux x86_64) AppleWebKit/537.36 (KHTML, like Gecko) Chrome/99.0.4844.82 Safari/537.36"
- - - [25/Mar/2022:11:59:11 +0100] "GET /web/assets/bac3bd97/jquery.js HTTP/1.1" 200 85119 "http://localhost:81/web//index.php?r=country%2Findex" "Mozilla/5.0 (X11; Linux x86_64) AppleWebKit/537.36 (KHTML, like Gecko) Chrome/99.0.4844.82 Safari/537.36"
- - - [25/Mar/2022:11:59:11 +0100] "GET /favicon.ico HTTP/1.1" 404 271 "http://localhost:81/web//index.php?r=country%2Findex" "Mozilla/5.0 (X11; Linux x86_64) AppleWebKit/537.36 (KHTML, like Gecko) Chrome/99.0.4844.82 Safari/537.36"
- - - [25/Mar/2022:11:59:21 +0100] "GET /web/index.php?r=country%2Findex&page=2 HTTP/1.1" 200 1102 "http://localhost:81/web//index.php?r=country%2Findex" "Mozilla/5.0 (X11; Linux x86_64) AppleWebKit/537.36 (KHTML, like Gecko) Chrome/99.0.4844.82 Safari/537.36"
- - - [25/Mar/2022:11:59:22 +0100] "GET /web/index.php?r=country%2Findex&page=2 HTTP/1.1" 200 1100 "http://localhost:81/web/index.php?r=country%2Findex&page=2" "Mozilla/5.0 (X11; Linux x86_64) AppleWebKit/537.36 (KHTML, like Gecko) Chrome/99.0.4844.82 Safari/537.36"
- - - [25/Mar/2022:11:59:23 +0100] "GET /web/index.php?r=country%2Findex&page=1 HTTP/1.1" 200 1096 "http://localhost:81/web/index.php?r=country%2Findex&page=2" "Mozilla/5.0 (X11; Linux x86_64) AppleWebKit/537.36 (KHTML, like Gecko) Chrome/99.0.4844.82 Safari/537.36"
- - - [25/Mar/2022:12:00:13 +0100] "-" 408 - "-" "-"
- - - [25/Mar/2022:13:36:56 +0100] "GET /web/index.php?r=gii HTTP/1.1" 403 2392 "-" "Mozilla/5.0 (X11; Linux x86_64) AppleWebKit/537.36 (KHTML, like Gecko) Chrome/99.0.4844.82 Safari/537.36"
- - - [25/Mar/2022:13:36:57 +0100] "GET /web/assets/b9b898b0/yii.js HTTP/1.1" 200 5813 "http://localhost:81/web/index.php?r=gii" "Mozilla/5.0 (X11; Linux x86_64) AppleWebKit/537.36 (KHTML, like Gecko) Chrome/99.0.4844.82 Safari/537.36"
- - - [25/Mar/2022:13:36:57 +0100] "GET /web/assets/89b870a/css/bootstrap.css HTTP/1.1" 200 26384 "http://localhost:81/web/index.php?r=gii" "Mozilla/5.0 (X11; Linux x86_64) AppleWebKit/537.36 (KHTML, like Gecko) Chrome/99.0.4844.82 Safari/537.36"
- - - [25/Mar/2022:13:36:57 +0100] "GET /web/assets/89b870a/js/bootstrap.bundle.js HTTP/1.1" 200 49039 "http://localhost:81/web/index.php?r=gii" "Mozilla/5.0 (X11; Linux x86_64) AppleWebKit/537.36 (KHTML, like Gecko) Chrome/99.0.4844.82 Safari/537.36"
- - - [25/Mar/2022:13:36:57 +0100] "GET /web/assets/bac3bd97/jquery.js HTTP/1.1" 200 85119 "http://localhost:81/web/index.php?r=gii" "Mozilla/5.0 (X11; Linux x86_64) AppleWebKit/537.36 (KHTML, like Gecko) Chrome/99.0.4844.82 Safari/537.36"
- - - [25/Mar/2022:13:37:27 +0100] "GET /web/index.php?r=gii HTTP/1.1" 403 2392 "-" "Mozilla/5.0 (X11; Linux x86_64) AppleWebKit/537.36 (KHTML, like Gecko) Chrome/99.0.4844.82 Safari/537.36"
- - - [25/Mar/2022:13:37:27 +0100] "GET /web/css/site.css HTTP/1.1" 200 605 "http://localhost:81/web/index.php?r=gii" "Mozilla/5.0 (X11; Linux x86_64) AppleWebKit/537.36 (KHTML, like Gecko) Chrome/99.0.4844.82 Safari/537.36"
- - - [25/Mar/2022:13:37:27 +0100] "GET /web/assets/b9b898b0/yii.js HTTP/1.1" 200 5813 "http://localhost:81/web/index.php?r=gii" "Mozilla/5.0 (X11; Linux x86_64) AppleWebKit/537.36 (KHTML, like Gecko) Chrome/99.0.4844.82 Safari/537.36"
- - - [25/Mar/2022:13:37:27 +0100] "GET /web/assets/89b870a/css/bootstrap.css HTTP/1.1" 200 26384 "http://localhost:81/web/index.php?r=gii" "Mozilla/5.0 (X11; Linux x86_64) AppleWebKit/537.36 (KHTML, like Gecko) Chrome/99.0.4844.82 Safari/537.36"
- - - [25/Mar/2022:13:37:27 +0100] "GET /web/assets/89b870a/js/bootstrap.bundle.js HTTP/1.1" 200 49039 "http://localhost:81/web/index.php?r=gii" "Mozilla/5.0 (X11; Linux x86_64) AppleWebKit/537.36 (KHTML, like Gecko) Chrome/99.0.4844.82 Safari/537.36"
- - - [25/Mar/2022:13:37:27 +0100] "GET /web/assets/bac3bd97/jquery.js HTTP/1.1" 200 85119 "http://localhost:81/web/index.php?r=gii" "Mozilla/5.0 (X11; Linux x86_64) AppleWebKit/537.36 (KHTML, like Gecko) Chrome/99.0.4844.82 Safari/537.36"
- - - [25/Mar/2022:13:37:27 +0100] "GET /favicon.ico HTTP/1.1" 404 271 "http://localhost:81/web/index.php?r=gii" "Mozilla/5.0 (X11; Linux x86_64) AppleWebKit/537.36 (KHTML, like Gecko) Chrome/99.0.4844.82 Safari/537.36"
- - - [25/Mar/2022:13:37:28 +0100] "GET /web/index.php?r=gii HTTP/1.1" 403 2392 "-" "Mozilla/5.0 (X11; Linux x86_64) AppleWebKit/537.36 (KHTML, like Gecko) Chrome/99.0.4844.82 Safari/537.36"
- - - [25/Mar/2022:13:37:28 +0100] "GET /web/css/site.css HTTP/1.1" 200 605 "http://localhost:81/web/index.php?r=gii" "Mozilla/5.0 (X11; Linux x86_64) AppleWebKit/537.36 (KHTML, like Gecko) Chrome/99.0.4844.82 Safari/537.36"
- - - [25/Mar/2022:13:37:28 +0100] "GET /web/assets/b9b898b0/yii.js HTTP/1.1" 200 5813 "http://localhost:81/web/index.php?r=gii" "Mozilla/5.0 (X11; Linux x86_64) AppleWebKit/537.36 (KHTML, like Gecko) Chrome/99.0.4844.82 Safari/537.36"
- - - [25/Mar/2022:13:37:28 +0100] "GET /web/assets/89b870a/css/bootstrap.css HTTP/1.1" 200 26384 "http://localhost:81/web/index.php?r=gii" "Mozilla/5.0 (X11; Linux x86_64) AppleWebKit/537.36 (KHTML, like Gecko) Chrome/99.0.4844.82 Safari/537.36"
- - - [25/Mar/2022:13:37:28 +0100] "GET /web/assets/89b870a/js/bootstrap.bundle.js HTTP/1.1" 200 49039 "http://localhost:81/web/index.php?r=gii" "Mozilla/5.0 (X11; Linux x86_64) AppleWebKit/537.36 (KHTML, like Gecko) Chrome/99.0.4844.82 Safari/537.36"
- - - [25/Mar/2022:13:37:28 +0100] "GET /web/assets/bac3bd97/jquery.js HTTP/1.1" 200 85119 "http://localhost:81/web/index.php?r=gii" "Mozilla/5.0 (X11; Linux x86_64) AppleWebKit/537.36 (KHTML, like Gecko) Chrome/99.0.4844.82 Safari/537.36"
- - - [25/Mar/2022:13:37:28 +0100] "GET /favicon.ico HTTP/1.1" 404 271 "http://localhost:81/web/index.php?r=gii" "Mozilla/5.0 (X11; Linux x86_64) AppleWebKit/537.36 (KHTML, like Gecko) Chrome/99.0.4844.82 Safari/537.36"
- - - [25/Mar/2022:13:37:36 +0100] "GET /web/index.php?r=gii HTTP/1.1" 403 2392 "-" "Mozilla/5.0 (X11; Linux x86_64) AppleWebKit/537.36 (KHTML, like Gecko) Chrome/99.0.4844.82 Safari/537.36"
- - - [25/Mar/2022:13:37:36 +0100] "GET /web/css/site.css HTTP/1.1" 200 605 "http://localhost:81/web/index.php?r=gii" "Mozilla/5.0 (X11; Linux x86_64) AppleWebKit/537.36 (KHTML, like Gecko) Chrome/99.0.4844.82 Safari/537.36"
- - - [25/Mar/2022:13:37:36 +0100] "GET /web/assets/89b870a/css/bootstrap.css HTTP/1.1" 200 26384 "http://localhost:81/web/index.php?r=gii" "Mozilla/5.0 (X11; Linux x86_64) AppleWebKit/537.36 (KHTML, like Gecko) Chrome/99.0.4844.82 Safari/537.36"
- - - [25/Mar/2022:13:37:36 +0100] "GET /web/assets/b9b898b0/yii.js HTTP/1.1" 200 5813 "http://localhost:81/web/index.php?r=gii" "Mozilla/5.0 (X11; Linux x86_64) AppleWebKit/537.36 (KHTML, like Gecko) Chrome/99.0.4844.82 Safari/537.36"
- - - [25/Mar/2022:13:37:36 +0100] "GET /web/assets/89b870a/js/bootstrap.bundle.js HTTP/1.1" 200 49039 "http://localhost:81/web/index.php?r=gii" "Mozilla/5.0 (X11; Linux x86_64) AppleWebKit/537.36 (KHTML, like Gecko) Chrome/99.0.4844.82 Safari/537.36"
- - - [25/Mar/2022:13:37:36 +0100] "GET /web/assets/bac3bd97/jquery.js HTTP/1.1" 200 85119 "http://localhost:81/web/index.php?r=gii" "Mozilla/5.0 (X11; Linux x86_64) AppleWebKit/537.36 (KHTML, like Gecko) Chrome/99.0.4844.82 Safari/537.36"
- - - [25/Mar/2022:13:37:37 +0100] "GET /favicon.ico HTTP/1.1" 404 271 "http://localhost:81/web/index.php?r=gii" "Mozilla/5.0 (X11; Linux x86_64) AppleWebKit/537.36 (KHTML, like Gecko) Chrome/99.0.4844.82 Safari/537.36"
- - - [25/Mar/2022:13:38:41 +0100] "GET /web/index.php?r=gii HTTP/1.1" 403 2392 "-" "Mozilla/5.0 (X11; Linux x86_64) AppleWebKit/537.36 (KHTML, like Gecko) Chrome/99.0.4844.82 Safari/537.36"
- - - [25/Mar/2022:13:38:41 +0100] "GET /web/css/site.css HTTP/1.1" 200 605 "http://localhost:81/web/index.php?r=gii" "Mozilla/5.0 (X11; Linux x86_64) AppleWebKit/537.36 (KHTML, like Gecko) Chrome/99.0.4844.82 Safari/537.36"
- - - [25/Mar/2022:13:38:41 +0100] "GET /web/assets/b9b898b0/yii.js HTTP/1.1" 200 5813 "http://localhost:81/web/index.php?r=gii" "Mozilla/5.0 (X11; Linux x86_64) AppleWebKit/537.36 (KHTML, like Gecko) Chrome/99.0.4844.82 Safari/537.36"
- - - [25/Mar/2022:13:38:41 +0100] "GET /web/assets/89b870a/css/bootstrap.css HTTP/1.1" 200 26384 "http://localhost:81/web/index.php?r=gii" "Mozilla/5.0 (X11; Linux x86_64) AppleWebKit/537.36 (KHTML, like Gecko) Chrome/99.0.4844.82 Safari/537.36"
- - - [25/Mar/2022:13:38:41 +0100] "GET /web/assets/89b870a/js/bootstrap.bundle.js HTTP/1.1" 200 49039 "http://localhost:81/web/index.php?r=gii" "Mozilla/5.0 (X11; Linux x86_64) AppleWebKit/537.36 (KHTML, like Gecko) Chrome/99.0.4844.82 Safari/537.36"
- - - [25/Mar/2022:13:38:41 +0100] "GET /web/assets/bac3bd97/jquery.js HTTP/1.1" 200 85119 "http://localhost:81/web/index.php?r=gii" "Mozilla/5.0 (X11; Linux x86_64) AppleWebKit/537.36 (KHTML, like Gecko) Chrome/99.0.4844.82 Safari/537.36"
- - - [25/Mar/2022:13:38:42 +0100] "GET /favicon.ico HTTP/1.1" 404 271 "http://localhost:81/web/index.php?r=gii" "Mozilla/5.0 (X11; Linux x86_64) AppleWebKit/537.36 (KHTML, like Gecko) Chrome/99.0.4844.82 Safari/537.36"
- - - [25/Mar/2022:13:38:42 +0100] "GET /web/index.php?r=gii HTTP/1.1" 403 2392 "-" "Mozilla/5.0 (X11; Linux x86_64) AppleWebKit/537.36 (KHTML, like Gecko) Chrome/99.0.4844.82 Safari/537.36"
- - - [25/Mar/2022:13:38:42 +0100] "GET /web/css/site.css HTTP/1.1" 200 605 "http://localhost:81/web/index.php?r=gii" "Mozilla/5.0 (X11; Linux x86_64) AppleWebKit/537.36 (KHTML, like Gecko) Chrome/99.0.4844.82 Safari/537.36"
- - - [25/Mar/2022:13:38:42 +0100] "GET /web/assets/b9b898b0/yii.js HTTP/1.1" 200 5813 "http://localhost:81/web/index.php?r=gii" "Mozilla/5.0 (X11; Linux x86_64) AppleWebKit/537.36 (KHTML, like Gecko) Chrome/99.0.4844.82 Safari/537.36"
- - - [25/Mar/2022:13:38:42 +0100] "GET /web/assets/89b870a/css/bootstrap.css HTTP/1.1" 200 26384 "http://localhost:81/web/index.php?r=gii" "Mozilla/5.0 (X11; Linux x86_64) AppleWebKit/537.36 (KHTML, like Gecko) Chrome/99.0.4844.82 Safari/537.36"
- - - [25/Mar/2022:13:38:42 +0100] "GET /web/assets/89b870a/js/bootstrap.bundle.js HTTP/1.1" 200 49039 "http://localhost:81/web/index.php?r=gii" "Mozilla/5.0 (X11; Linux x86_64) AppleWebKit/537.36 (KHTML, like Gecko) Chrome/99.0.4844.82 Safari/537.36"
- - - [25/Mar/2022:13:38:42 +0100] "GET /web/assets/bac3bd97/jquery.js HTTP/1.1" 200 85119 "http://localhost:81/web/index.php?r=gii" "Mozilla/5.0 (X11; Linux x86_64) AppleWebKit/537.36 (KHTML, like Gecko) Chrome/99.0.4844.82 Safari/537.36"
- - - [25/Mar/2022:13:38:42 +0100] "GET /favicon.ico HTTP/1.1" 404 271 "http://localhost:81/web/index.php?r=gii" "Mozilla/5.0 (X11; Linux x86_64) AppleWebKit/537.36 (KHTML, like Gecko) Chrome/99.0.4844.82 Safari/537.36"
- - - [25/Mar/2022:13:39:15 +0100] "GET /web/index.php?r=gii HTTP/1.1" 403 2392 "-" "Mozilla/5.0 (X11; Linux x86_64) AppleWebKit/537.36 (KHTML, like Gecko) Chrome/99.0.4844.82 Safari/537.36"
- - - [25/Mar/2022:13:39:15 +0100] "GET /web/css/site.css HTTP/1.1" 200 605 "http://localhost:81/web/index.php?r=gii" "Mozilla/5.0 (X11; Linux x86_64) AppleWebKit/537.36 (KHTML, like Gecko) Chrome/99.0.4844.82 Safari/537.36"
- - - [25/Mar/2022:13:39:15 +0100] "GET /web/assets/b9b898b0/yii.js HTTP/1.1" 200 5813 "http://localhost:81/web/index.php?r=gii" "Mozilla/5.0 (X11; Linux x86_64) AppleWebKit/537.36 (KHTML, like Gecko) Chrome/99.0.4844.82 Safari/537.36"
- - - [25/Mar/2022:13:39:15 +0100] "GET /web/assets/89b870a/css/bootstrap.css HTTP/1.1" 200 26384 "http://localhost:81/web/index.php?r=gii" "Mozilla/5.0 (X11; Linux x86_64) AppleWebKit/537.36 (KHTML, like Gecko) Chrome/99.0.4844.82 Safari/537.36"
- - - [25/Mar/2022:13:39:15 +0100] "GET /web/assets/89b870a/js/bootstrap.bundle.js HTTP/1.1" 200 49039 "http://localhost:81/web/index.php?r=gii" "Mozilla/5.0 (X11; Linux x86_64) AppleWebKit/537.36 (KHTML, like Gecko) Chrome/99.0.4844.82 Safari/537.36"
- - - [25/Mar/2022:13:39:15 +0100] "GET /web/assets/bac3bd97/jquery.js HTTP/1.1" 200 85119 "http://localhost:81/web/index.php?r=gii" "Mozilla/5.0 (X11; Linux x86_64) AppleWebKit/537.36 (KHTML, like Gecko) Chrome/99.0.4844.82 Safari/537.36"
- - - [25/Mar/2022:13:39:15 +0100] "GET /favicon.ico HTTP/1.1" 404 271 "http://localhost:81/web/index.php?r=gii" "Mozilla/5.0 (X11; Linux x86_64) AppleWebKit/537.36 (KHTML, like Gecko) Chrome/99.0.4844.82 Safari/537.36"
- - - [25/Mar/2022:13:40:27 +0100] "GET /web/index.php?r=gii HTTP/1.1" 403 2392 "-" "Mozilla/5.0 (X11; Linux x86_64) AppleWebKit/537.36 (KHTML, like Gecko) Chrome/99.0.4844.82 Safari/537.36"
- - - [25/Mar/2022:13:40:27 +0100] "GET /web/css/site.css HTTP/1.1" 200 605 "http://localhost:81/web/index.php?r=gii" "Mozilla/5.0 (X11; Linux x86_64) AppleWebKit/537.36 (KHTML, like Gecko) Chrome/99.0.4844.82 Safari/537.36"
- - - [25/Mar/2022:13:40:27 +0100] "GET /web/assets/b9b898b0/yii.js HTTP/1.1" 200 5813 "http://localhost:81/web/index.php?r=gii" "Mozilla/5.0 (X11; Linux x86_64) AppleWebKit/537.36 (KHTML, like Gecko) Chrome/99.0.4844.82 Safari/537.36"
- - - [25/Mar/2022:13:40:27 +0100] "GET /web/assets/89b870a/css/bootstrap.css HTTP/1.1" 200 26384 "http://localhost:81/web/index.php?r=gii" "Mozilla/5.0 (X11; Linux x86_64) AppleWebKit/537.36 (KHTML, like Gecko) Chrome/99.0.4844.82 Safari/537.36"
- - - [25/Mar/2022:13:40:27 +0100] "GET /web/assets/89b870a/js/bootstrap.bundle.js HTTP/1.1" 200 49039 "http://localhost:81/web/index.php?r=gii" "Mozilla/5.0 (X11; Linux x86_64) AppleWebKit/537.36 (KHTML, like Gecko) Chrome/99.0.4844.82 Safari/537.36"
- - - [25/Mar/2022:13:40:27 +0100] "GET /web/assets/bac3bd97/jquery.js HTTP/1.1" 200 85119 "http://localhost:81/web/index.php?r=gii" "Mozilla/5.0 (X11; Linux x86_64) AppleWebKit/537.36 (KHTML, like Gecko) Chrome/99.0.4844.82 Safari/537.36"
- - - [25/Mar/2022:13:40:27 +0100] "GET /favicon.ico HTTP/1.1" 404 271 "http://localhost:81/web/index.php?r=gii" "Mozilla/5.0 (X11; Linux x86_64) AppleWebKit/537.36 (KHTML, like Gecko) Chrome/99.0.4844.82 Safari/537.36"
- - - [25/Mar/2022:13:40:27 +0100] "GET /web/index.php?r=gii HTTP/1.1" 403 2392 "-" "Mozilla/5.0 (X11; Linux x86_64) AppleWebKit/537.36 (KHTML, like Gecko) Chrome/99.0.4844.82 Safari/537.36"
- - - [25/Mar/2022:13:40:28 +0100] "GET /web/css/site.css HTTP/1.1" 200 605 "http://localhost:81/web/index.php?r=gii" "Mozilla/5.0 (X11; Linux x86_64) AppleWebKit/537.36 (KHTML, like Gecko) Chrome/99.0.4844.82 Safari/537.36"
- - - [25/Mar/2022:13:40:28 +0100] "GET /web/assets/b9b898b0/yii.js HTTP/1.1" 200 5813 "http://localhost:81/web/index.php?r=gii" "Mozilla/5.0 (X11; Linux x86_64) AppleWebKit/537.36 (KHTML, like Gecko) Chrome/99.0.4844.82 Safari/537.36"
- - - [25/Mar/2022:13:40:28 +0100] "GET /web/assets/89b870a/css/bootstrap.css HTTP/1.1" 200 26384 "http://localhost:81/web/index.php?r=gii" "Mozilla/5.0 (X11; Linux x86_64) AppleWebKit/537.36 (KHTML, like Gecko) Chrome/99.0.4844.82 Safari/537.36"
- - - [25/Mar/2022:13:40:28 +0100] "GET /web/assets/bac3bd97/jquery.js HTTP/1.1" 200 85119 "http://localhost:81/web/index.php?r=gii" "Mozilla/5.0 (X11; Linux x86_64) AppleWebKit/537.36 (KHTML, like Gecko) Chrome/99.0.4844.82 Safari/537.36"
- - - [25/Mar/2022:13:40:28 +0100] "GET /web/assets/89b870a/js/bootstrap.bundle.js HTTP/1.1" 200 49039 "http://localhost:81/web/index.php?r=gii" "Mozilla/5.0 (X11; Linux x86_64) AppleWebKit/537.36 (KHTML, like Gecko) Chrome/99.0.4844.82 Safari/537.36"
- - - [25/Mar/2022:13:40:28 +0100] "GET /favicon.ico HTTP/1.1" 404 271 "http://localhost:81/web/index.php?r=gii" "Mozilla/5.0 (X11; Linux x86_64) AppleWebKit/537.36 (KHTML, like Gecko) Chrome/99.0.4844.82 Safari/537.36"
- - - [25/Mar/2022:13:40:28 +0100] "GET /web/index.php?r=gii HTTP/1.1" 403 2392 "-" "Mozilla/5.0 (X11; Linux x86_64) AppleWebKit/537.36 (KHTML, like Gecko) Chrome/99.0.4844.82 Safari/537.36"
- - - [25/Mar/2022:13:40:28 +0100] "GET /web/css/site.css HTTP/1.1" 200 605 "http://localhost:81/web/index.php?r=gii" "Mozilla/5.0 (X11; Linux x86_64) AppleWebKit/537.36 (KHTML, like Gecko) Chrome/99.0.4844.82 Safari/537.36"
- - - [25/Mar/2022:13:40:28 +0100] "GET /web/assets/b9b898b0/yii.js HTTP/1.1" 200 5813 "http://localhost:81/web/index.php?r=gii" "Mozilla/5.0 (X11; Linux x86_64) AppleWebKit/537.36 (KHTML, like Gecko) Chrome/99.0.4844.82 Safari/537.36"
- - - [25/Mar/2022:13:40:28 +0100] "GET /web/assets/89b870a/css/bootstrap.css HTTP/1.1" 200 26384 "http://localhost:81/web/index.php?r=gii" "Mozilla/5.0 (X11; Linux x86_64) AppleWebKit/537.36 (KHTML, like Gecko) Chrome/99.0.4844.82 Safari/537.36"
- - - [25/Mar/2022:13:40:28 +0100] "GET /web/assets/89b870a/js/bootstrap.bundle.js HTTP/1.1" 200 49039 "http://localhost:81/web/index.php?r=gii" "Mozilla/5.0 (X11; Linux x86_64) AppleWebKit/537.36 (KHTML, like Gecko) Chrome/99.0.4844.82 Safari/537.36"
- - - [25/Mar/2022:13:40:28 +0100] "GET /web/assets/bac3bd97/jquery.js HTTP/1.1" 200 85119 "http://localhost:81/web/index.php?r=gii" "Mozilla/5.0 (X11; Linux x86_64) AppleWebKit/537.36 (KHTML, like Gecko) Chrome/99.0.4844.82 Safari/537.36"
- - - [25/Mar/2022:13:40:28 +0100] "GET /favicon.ico HTTP/1.1" 404 271 "http://localhost:81/web/index.php?r=gii" "Mozilla/5.0 (X11; Linux x86_64) AppleWebKit/537.36 (KHTML, like Gecko) Chrome/99.0.4844.82 Safari/537.36"
- - - [25/Mar/2022:13:40:28 +0100] "GET /web/index.php?r=gii HTTP/1.1" 403 2392 "-" "Mozilla/5.0 (X11; Linux x86_64) AppleWebKit/537.36 (KHTML, like Gecko) Chrome/99.0.4844.82 Safari/537.36"
- - - [25/Mar/2022:13:40:28 +0100] "GET /web/css/site.css HTTP/1.1" 200 605 "http://localhost:81/web/index.php?r=gii" "Mozilla/5.0 (X11; Linux x86_64) AppleWebKit/537.36 (KHTML, like Gecko) Chrome/99.0.4844.82 Safari/537.36"
- - - [25/Mar/2022:13:40:28 +0100] "GET /web/assets/b9b898b0/yii.js HTTP/1.1" 200 5813 "http://localhost:81/web/index.php?r=gii" "Mozilla/5.0 (X11; Linux x86_64) AppleWebKit/537.36 (KHTML, like Gecko) Chrome/99.0.4844.82 Safari/537.36"
- - - [25/Mar/2022:13:40:28 +0100] "GET /web/assets/89b870a/css/bootstrap.css HTTP/1.1" 200 26384 "http://localhost:81/web/index.php?r=gii" "Mozilla/5.0 (X11; Linux x86_64) AppleWebKit/537.36 (KHTML, like Gecko) Chrome/99.0.4844.82 Safari/537.36"
- - - [25/Mar/2022:13:40:28 +0100] "GET /web/assets/bac3bd97/jquery.js HTTP/1.1" 200 85119 "http://localhost:81/web/index.php?r=gii" "Mozilla/5.0 (X11; Linux x86_64) AppleWebKit/537.36 (KHTML, like Gecko) Chrome/99.0.4844.82 Safari/537.36"
- - - [25/Mar/2022:13:40:28 +0100] "GET /web/assets/89b870a/js/bootstrap.bundle.js HTTP/1.1" 200 49039 "http://localhost:81/web/index.php?r=gii" "Mozilla/5.0 (X11; Linux x86_64) AppleWebKit/537.36 (KHTML, like Gecko) Chrome/99.0.4844.82 Safari/537.36"
- - - [25/Mar/2022:13:40:28 +0100] "GET /favicon.ico HTTP/1.1" 404 271 "http://localhost:81/web/index.php?r=gii" "Mozilla/5.0 (X11; Linux x86_64) AppleWebKit/537.36 (KHTML, like Gecko) Chrome/99.0.4844.82 Safari/537.36"
- - - [25/Mar/2022:13:46:41 +0100] "GET /web/index.php?r=gii HTTP/1.1" 403 2392 "-" "Mozilla/5.0 (X11; Linux x86_64) AppleWebKit/537.36 (KHTML, like Gecko) Chrome/99.0.4844.82 Safari/537.36"
- - - [25/Mar/2022:13:46:41 +0100] "GET /web/css/site.css HTTP/1.1" 200 605 "http://localhost:81/web/index.php?r=gii" "Mozilla/5.0 (X11; Linux x86_64) AppleWebKit/537.36 (KHTML, like Gecko) Chrome/99.0.4844.82 Safari/537.36"
- - - [25/Mar/2022:13:46:41 +0100] "GET /web/assets/89b870a/css/bootstrap.css HTTP/1.1" 200 26384 "http://localhost:81/web/index.php?r=gii" "Mozilla/5.0 (X11; Linux x86_64) AppleWebKit/537.36 (KHTML, like Gecko) Chrome/99.0.4844.82 Safari/537.36"
- - - [25/Mar/2022:13:46:41 +0100] "GET /web/assets/b9b898b0/yii.js HTTP/1.1" 200 5813 "http://localhost:81/web/index.php?r=gii" "Mozilla/5.0 (X11; Linux x86_64) AppleWebKit/537.36 (KHTML, like Gecko) Chrome/99.0.4844.82 Safari/537.36"
- - - [25/Mar/2022:13:46:41 +0100] "GET /web/assets/89b870a/js/bootstrap.bundle.js HTTP/1.1" 200 49039 "http://localhost:81/web/index.php?r=gii" "Mozilla/5.0 (X11; Linux x86_64) AppleWebKit/537.36 (KHTML, like Gecko) Chrome/99.0.4844.82 Safari/537.36"
- - - [25/Mar/2022:13:46:41 +0100] "GET /web/assets/bac3bd97/jquery.js HTTP/1.1" 200 85119 "http://localhost:81/web/index.php?r=gii" "Mozilla/5.0 (X11; Linux x86_64) AppleWebKit/537.36 (KHTML, like Gecko) Chrome/99.0.4844.82 Safari/537.36"
- - - [25/Mar/2022:13:46:41 +0100] "GET /favicon.ico HTTP/1.1" 404 271 "http://localhost:81/web/index.php?r=gii" "Mozilla/5.0 (X11; Linux x86_64) AppleWebKit/537.36 (KHTML, like Gecko) Chrome/99.0.4844.82 Safari/537.36"
- - - [25/Mar/2022:13:46:42 +0100] "GET /web/index.php?r=gii HTTP/1.1" 403 2392 "-" "Mozilla/5.0 (X11; Linux x86_64) AppleWebKit/537.36 (KHTML, like Gecko) Chrome/99.0.4844.82 Safari/537.36"
- - - [25/Mar/2022:13:46:42 +0100] "GET /web/css/site.css HTTP/1.1" 200 605 "http://localhost:81/web/index.php?r=gii" "Mozilla/5.0 (X11; Linux x86_64) AppleWebKit/537.36 (KHTML, like Gecko) Chrome/99.0.4844.82 Safari/537.36"
- - - [25/Mar/2022:13:46:42 +0100] "GET /web/assets/b9b898b0/yii.js HTTP/1.1" 200 5813 "http://localhost:81/web/index.php?r=gii" "Mozilla/5.0 (X11; Linux x86_64) AppleWebKit/537.36 (KHTML, like Gecko) Chrome/99.0.4844.82 Safari/537.36"
- - - [25/Mar/2022:13:46:42 +0100] "GET /web/assets/89b870a/css/bootstrap.css HTTP/1.1" 200 26384 "http://localhost:81/web/index.php?r=gii" "Mozilla/5.0 (X11; Linux x86_64) AppleWebKit/537.36 (KHTML, like Gecko) Chrome/99.0.4844.82 Safari/537.36"
- - - [25/Mar/2022:13:46:42 +0100] "GET /web/assets/89b870a/js/bootstrap.bundle.js HTTP/1.1" 200 49039 "http://localhost:81/web/index.php?r=gii" "Mozilla/5.0 (X11; Linux x86_64) AppleWebKit/537.36 (KHTML, like Gecko) Chrome/99.0.4844.82 Safari/537.36"
- - - [25/Mar/2022:13:46:42 +0100] "GET /web/assets/bac3bd97/jquery.js HTTP/1.1" 200 85119 "http://localhost:81/web/index.php?r=gii" "Mozilla/5.0 (X11; Linux x86_64) AppleWebKit/537.36 (KHTML, like Gecko) Chrome/99.0.4844.82 Safari/537.36"
- - - [25/Mar/2022:13:46:42 +0100] "GET /favicon.ico HTTP/1.1" 404 271 "http://localhost:81/web/index.php?r=gii" "Mozilla/5.0 (X11; Linux x86_64) AppleWebKit/537.36 (KHTML, like Gecko) Chrome/99.0.4844.82 Safari/537.36"
- - - [25/Mar/2022:13:50:03 +0100] "GET /web/index.php?r=gii HTTP/1.1" 200 7568 "-" "Mozilla/5.0 (X11; Linux x86_64) AppleWebKit/537.36 (KHTML, like Gecko) Chrome/99.0.4844.82 Safari/537.36"
- - - [25/Mar/2022:13:50:03 +0100] "GET /web/assets/715ad1a4/css/main.css HTTP/1.1" 200 16957 "http://localhost:81/web/index.php?r=gii" "Mozilla/5.0 (X11; Linux x86_64) AppleWebKit/537.36 (KHTML, like Gecko) Chrome/99.0.4844.82 Safari/537.36"
- - - [25/Mar/2022:13:50:03 +0100] "GET /web/assets/715ad1a4/logo.png HTTP/1.1" 200 6677 "http://localhost:81/web/index.php?r=gii" "Mozilla/5.0 (X11; Linux x86_64) AppleWebKit/537.36 (KHTML, like Gecko) Chrome/99.0.4844.82 Safari/537.36"
- - - [25/Mar/2022:13:50:03 +0100] "GET /web/assets/715ad1a4/js/gii.js HTTP/1.1" 200 3022 "http://localhost:81/web/index.php?r=gii" "Mozilla/5.0 (X11; Linux x86_64) AppleWebKit/537.36 (KHTML, like Gecko) Chrome/99.0.4844.82 Safari/537.36"
- - - [25/Mar/2022:13:50:03 +0100] "GET /web/assets/b9b898b0/yii.js HTTP/1.1" 200 5813 "http://localhost:81/web/index.php?r=gii" "Mozilla/5.0 (X11; Linux x86_64) AppleWebKit/537.36 (KHTML, like Gecko) Chrome/99.0.4844.82 Safari/537.36"
- - - [25/Mar/2022:13:50:03 +0100] "GET /web/assets/715ad1a4/js/bs4-native.min.js HTTP/1.1" 200 9223 "http://localhost:81/web/index.php?r=gii" "Mozilla/5.0 (X11; Linux x86_64) AppleWebKit/537.36 (KHTML, like Gecko) Chrome/99.0.4844.82 Safari/537.36"
- - - [25/Mar/2022:13:50:03 +0100] "GET /web/assets/bac3bd97/jquery.js HTTP/1.1" 200 85119 "http://localhost:81/web/index.php?r=gii" "Mozilla/5.0 (X11; Linux x86_64) AppleWebKit/537.36 (KHTML, like Gecko) Chrome/99.0.4844.82 Safari/537.36"
- - - [25/Mar/2022:13:50:03 +0100] "GET /favicon.ico HTTP/1.1" 404 271 "http://localhost:81/web/index.php?r=gii" "Mozilla/5.0 (X11; Linux x86_64) AppleWebKit/537.36 (KHTML, like Gecko) Chrome/99.0.4844.82 Safari/537.36"
- - - [25/Mar/2022:13:50:03 +0100] "GET /web/index.php?r=debug%2Fdefault%2Ftoolbar&tag=623dba7b55ebc HTTP/1.1" 200 3276 "http://localhost:81/web/index.php?r=gii" "Mozilla/5.0 (X11; Linux x86_64) AppleWebKit/537.36 (KHTML, like Gecko) Chrome/99.0.4844.82 Safari/537.36"
- - - [25/Mar/2022:13:50:11 +0100] "OPTIONS * HTTP/1.0" 200 - "-" "Apache/2.4.52 (Debian) (internal dummy connection)"
- - - [25/Mar/2022:13:52:18 +0100] "GET /web/index.php?r=gii%2Fdefault%2Fview&id=crud HTTP/1.1" 200 9574 "http://localhost:81/web/index.php?r=gii" "Mozilla/5.0 (X11; Linux x86_64) AppleWebKit/537.36 (KHTML, like Gecko) Chrome/99.0.4844.82 Safari/537.36"
- - - [25/Mar/2022:13:52:18 +0100] "GET /web/assets/715ad1a4/logo.png HTTP/1.1" 304 - "http://localhost:81/web/index.php?r=gii%2Fdefault%2Fview&id=crud" "Mozilla/5.0 (X11; Linux x86_64) AppleWebKit/537.36 (KHTML, like Gecko) Chrome/99.0.4844.82 Safari/537.36"
- - - [25/Mar/2022:13:52:18 +0100] "GET /web/assets/715ad1a4/css/main.css HTTP/1.1" 200 16957 "http://localhost:81/web/index.php?r=gii%2Fdefault%2Fview&id=crud" "Mozilla/5.0 (X11; Linux x86_64) AppleWebKit/537.36 (KHTML, like Gecko) Chrome/99.0.4844.82 Safari/537.36"
- - - [25/Mar/2022:13:52:18 +0100] "GET /web/assets/b9b898b0/yii.validation.js HTTP/1.1" 200 3068 "http://localhost:81/web/index.php?r=gii%2Fdefault%2Fview&id=crud" "Mozilla/5.0 (X11; Linux x86_64) AppleWebKit/537.36 (KHTML, like Gecko) Chrome/99.0.4844.82 Safari/537.36"
- - - [25/Mar/2022:13:52:18 +0100] "GET /web/assets/b9b898b0/yii.activeForm.js HTTP/1.1" 200 7457 "http://localhost:81/web/index.php?r=gii%2Fdefault%2Fview&id=crud" "Mozilla/5.0 (X11; Linux x86_64) AppleWebKit/537.36 (KHTML, like Gecko) Chrome/99.0.4844.82 Safari/537.36"
- - - [25/Mar/2022:13:52:18 +0100] "GET /web/assets/715ad1a4/js/gii.js HTTP/1.1" 200 3022 "http://localhost:81/web/index.php?r=gii%2Fdefault%2Fview&id=crud" "Mozilla/5.0 (X11; Linux x86_64) AppleWebKit/537.36 (KHTML, like Gecko) Chrome/99.0.4844.82 Safari/537.36"
- - - [25/Mar/2022:13:52:18 +0100] "GET /web/assets/715ad1a4/js/bs4-native.min.js HTTP/1.1" 200 9223 "http://localhost:81/web/index.php?r=gii%2Fdefault%2Fview&id=crud" "Mozilla/5.0 (X11; Linux x86_64) AppleWebKit/537.36 (KHTML, like Gecko) Chrome/99.0.4844.82 Safari/537.36"
- - - [25/Mar/2022:13:52:18 +0100] "GET /web/index.php?r=debug%2Fdefault%2Ftoolbar&tag=623dbb0214f7d HTTP/1.1" 200 3277 "http://localhost:81/web/index.php?r=gii%2Fdefault%2Fview&id=crud" "Mozilla/5.0 (X11; Linux x86_64) AppleWebKit/537.36 (KHTML, like Gecko) Chrome/99.0.4844.82 Safari/537.36"
- - - [25/Mar/2022:13:56:26 +0100] "POST /web/index.php?r=gii%2Fdefault%2Fview&id=crud HTTP/1.1" 200 10870 "http://localhost:81/web/index.php?r=gii%2Fdefault%2Fview&id=crud" "Mozilla/5.0 (X11; Linux x86_64) AppleWebKit/537.36 (KHTML, like Gecko) Chrome/99.0.4844.82 Safari/537.36"
- - - [25/Mar/2022:13:56:27 +0100] "GET /web/assets/715ad1a4/logo.png HTTP/1.1" 304 - "http://localhost:81/web/index.php?r=gii%2Fdefault%2Fview&id=crud" "Mozilla/5.0 (X11; Linux x86_64) AppleWebKit/537.36 (KHTML, like Gecko) Chrome/99.0.4844.82 Safari/537.36"
- - - [25/Mar/2022:13:56:27 +0100] "GET /web/assets/715ad1a4/css/main.css HTTP/1.1" 200 16957 "http://localhost:81/web/index.php?r=gii%2Fdefault%2Fview&id=crud" "Mozilla/5.0 (X11; Linux x86_64) AppleWebKit/537.36 (KHTML, like Gecko) Chrome/99.0.4844.82 Safari/537.36"
- - - [25/Mar/2022:13:56:27 +0100] "GET /web/assets/715ad1a4/js/gii.js HTTP/1.1" 200 3022 "http://localhost:81/web/index.php?r=gii%2Fdefault%2Fview&id=crud" "Mozilla/5.0 (X11; Linux x86_64) AppleWebKit/537.36 (KHTML, like Gecko) Chrome/99.0.4844.82 Safari/537.36"
- - - [25/Mar/2022:13:56:27 +0100] "GET /web/assets/715ad1a4/js/bs4-native.min.js HTTP/1.1" 200 9223 "http://localhost:81/web/index.php?r=gii%2Fdefault%2Fview&id=crud" "Mozilla/5.0 (X11; Linux x86_64) AppleWebKit/537.36 (KHTML, like Gecko) Chrome/99.0.4844.82 Safari/537.36"
- - - [25/Mar/2022:13:56:27 +0100] "GET /web/index.php?r=debug%2Fdefault%2Ftoolbar&tag=623dbbfb04024 HTTP/1.1" 200 3344 "http://localhost:81/web/index.php?r=gii%2Fdefault%2Fview&id=crud" "Mozilla/5.0 (X11; Linux x86_64) AppleWebKit/537.36 (KHTML, like Gecko) Chrome/99.0.4844.82 Safari/537.36"
- - - [25/Mar/2022:13:56:39 +0100] "POST /web/index.php?r=gii%2Fdefault%2Fpreview&id=crud&file=37aba056ac08c0c810b1b4c0fb28d47d HTTP/1.1" 200 807 "http://localhost:81/web/index.php?r=gii%2Fdefault%2Fview&id=crud" "Mozilla/5.0 (X11; Linux x86_64) AppleWebKit/537.36 (KHTML, like Gecko) Chrome/99.0.4844.82 Safari/537.36"
- - - [25/Mar/2022:13:57:52 +0100] "POST /web/index.php?r=gii%2Fdefault%2Fview&id=crud HTTP/1.1" 200 9826 "http://localhost:81/web/index.php?r=gii%2Fdefault%2Fview&id=crud" "Mozilla/5.0 (X11; Linux x86_64) AppleWebKit/537.36 (KHTML, like Gecko) Chrome/99.0.4844.82 Safari/537.36"
- - - [25/Mar/2022:13:57:52 +0100] "GET /web/assets/715ad1a4/css/main.css HTTP/1.1" 200 16957 "http://localhost:81/web/index.php?r=gii%2Fdefault%2Fview&id=crud" "Mozilla/5.0 (X11; Linux x86_64) AppleWebKit/537.36 (KHTML, like Gecko) Chrome/99.0.4844.82 Safari/537.36"
- - - [25/Mar/2022:13:57:52 +0100] "GET /web/assets/715ad1a4/logo.png HTTP/1.1" 304 - "http://localhost:81/web/index.php?r=gii%2Fdefault%2Fview&id=crud" "Mozilla/5.0 (X11; Linux x86_64) AppleWebKit/537.36 (KHTML, like Gecko) Chrome/99.0.4844.82 Safari/537.36"
- - - [25/Mar/2022:13:57:52 +0100] "GET /web/assets/715ad1a4/js/gii.js HTTP/1.1" 200 3022 "http://localhost:81/web/index.php?r=gii%2Fdefault%2Fview&id=crud" "Mozilla/5.0 (X11; Linux x86_64) AppleWebKit/537.36 (KHTML, like Gecko) Chrome/99.0.4844.82 Safari/537.36"
- - - [25/Mar/2022:13:57:52 +0100] "GET /web/assets/715ad1a4/js/bs4-native.min.js HTTP/1.1" 200 9223 "http://localhost:81/web/index.php?r=gii%2Fdefault%2Fview&id=crud" "Mozilla/5.0 (X11; Linux x86_64) AppleWebKit/537.36 (KHTML, like Gecko) Chrome/99.0.4844.82 Safari/537.36"
- - - [25/Mar/2022:13:57:52 +0100] "GET /web/index.php?r=debug%2Fdefault%2Ftoolbar&tag=623dbc502b6a5 HTTP/1.1" 200 3343 "http://localhost:81/web/index.php?r=gii%2Fdefault%2Fview&id=crud" "Mozilla/5.0 (X11; Linux x86_64) AppleWebKit/537.36 (KHTML, like Gecko) Chrome/99.0.4844.82 Safari/537.36"
- - - [25/Mar/2022:13:58:10 +0100] "POST /web/index.php?r=gii%2Fdefault%2Fview&id=crud HTTP/1.1" 200 10884 "http://localhost:81/web/index.php?r=gii%2Fdefault%2Fview&id=crud" "Mozilla/5.0 (X11; Linux x86_64) AppleWebKit/537.36 (KHTML, like Gecko) Chrome/99.0.4844.82 Safari/537.36"
- - - [25/Mar/2022:13:58:10 +0100] "GET /web/index.php?r=debug%2Fdefault%2Ftoolbar&tag=623dbc62779cf HTTP/1.1" 200 3344 "http://localhost:81/web/index.php?r=gii%2Fdefault%2Fview&id=crud" "Mozilla/5.0 (X11; Linux x86_64) AppleWebKit/537.36 (KHTML, like Gecko) Chrome/99.0.4844.82 Safari/537.36"
- - - [25/Mar/2022:13:58:14 +0100] "POST /web/index.php?r=gii%2Fdefault%2Fview&id=crud HTTP/1.1" 200 9735 "http://localhost:81/web/index.php?r=gii%2Fdefault%2Fview&id=crud" "Mozilla/5.0 (X11; Linux x86_64) AppleWebKit/537.36 (KHTML, like Gecko) Chrome/99.0.4844.82 Safari/537.36"
- - - [25/Mar/2022:13:58:14 +0100] "GET /web/index.php?r=debug%2Fdefault%2Ftoolbar&tag=623dbc661dae6 HTTP/1.1" 200 3344 "http://localhost:81/web/index.php?r=gii%2Fdefault%2Fview&id=crud" "Mozilla/5.0 (X11; Linux x86_64) AppleWebKit/537.36 (KHTML, like Gecko) Chrome/99.0.4844.82 Safari/537.36"
- - - [25/Mar/2022:13:58:26 +0100] "GET /web//index.php?r=country%2Findex HTTP/1.1" 200 7222 "-" "Mozilla/5.0 (X11; Linux x86_64) AppleWebKit/537.36 (KHTML, like Gecko) Chrome/99.0.4844.82 Safari/537.36"
- - - [25/Mar/2022:13:58:26 +0100] "GET /web/index.php?r=debug%2Fdefault%2Ftoolbar&tag=623dbc7267d26 HTTP/1.1" 200 3339 "http://localhost:81/web//index.php?r=country%2Findex" "Mozilla/5.0 (X11; Linux x86_64) AppleWebKit/537.36 (KHTML, like Gecko) Chrome/99.0.4844.82 Safari/537.36"
- - - [25/Mar/2022:13:58:45 +0100] "GET /web/index.php?r=country%2Findex HTTP/1.1" 200 7223 "-" "Mozilla/5.0 (X11; Linux x86_64) AppleWebKit/537.36 (KHTML, like Gecko) Chrome/99.0.4844.82 Safari/537.36"
- - - [25/Mar/2022:13:58:45 +0100] "GET /web/index.php?r=debug%2Fdefault%2Ftoolbar&tag=623dbc858b815 HTTP/1.1" 200 3339 "http://localhost:81/web/index.php?r=country%2Findex" "Mozilla/5.0 (X11; Linux x86_64) AppleWebKit/537.36 (KHTML, like Gecko) Chrome/99.0.4844.82 Safari/537.36"
- - - [25/Mar/2022:13:58:55 +0100] "GET /web/index.php?r=country%2Findex&page=2 HTTP/1.1" 200 7226 "http://localhost:81/web/index.php?r=country%2Findex" "Mozilla/5.0 (X11; Linux x86_64) AppleWebKit/537.36 (KHTML, like Gecko) Chrome/99.0.4844.82 Safari/537.36"
- - - [25/Mar/2022:13:58:55 +0100] "GET /web/index.php?r=debug%2Fdefault%2Ftoolbar&tag=623dbc8f39271 HTTP/1.1" 200 3338 "http://localhost:81/web/index.php?r=country%2Findex&page=2" "Mozilla/5.0 (X11; Linux x86_64) AppleWebKit/537.36 (KHTML, like Gecko) Chrome/99.0.4844.82 Safari/537.36"
- - - [25/Mar/2022:13:58:56 +0100] "GET /web/index.php?r=country%2Findex&page=1 HTTP/1.1" 200 7221 "http://localhost:81/web/index.php?r=country%2Findex&page=2" "Mozilla/5.0 (X11; Linux x86_64) AppleWebKit/537.36 (KHTML, like Gecko) Chrome/99.0.4844.82 Safari/537.36"
- - - [25/Mar/2022:13:58:57 +0100] "GET /web/index.php?r=debug%2Fdefault%2Ftoolbar&tag=623dbc90d7960 HTTP/1.1" 200 3337 "http://localhost:81/web/index.php?r=country%2Findex&page=1" "Mozilla/5.0 (X11; Linux x86_64) AppleWebKit/537.36 (KHTML, like Gecko) Chrome/99.0.4844.82 Safari/537.36"
- - - [25/Mar/2022:13:59:46 +0100] "-" 408 - "-" "-"
- - - [25/Mar/2022:14:00:18 +0100] "GET /web/index.php?r=gii HTTP/1.1" 200 7566 "-" "Mozilla/5.0 (X11; Linux x86_64) AppleWebKit/537.36 (KHTML, like Gecko) Chrome/99.0.4844.82 Safari/537.36"
- - - [25/Mar/2022:14:00:18 +0100] "GET /web/assets/715ad1a4/logo.png HTTP/1.1" 304 - "http://localhost:81/web/index.php?r=gii" "Mozilla/5.0 (X11; Linux x86_64) AppleWebKit/537.36 (KHTML, like Gecko) Chrome/99.0.4844.82 Safari/537.36"
- - - [25/Mar/2022:14:00:18 +0100] "GET /web/assets/715ad1a4/css/main.css HTTP/1.1" 200 16957 "http://localhost:81/web/index.php?r=gii" "Mozilla/5.0 (X11; Linux x86_64) AppleWebKit/537.36 (KHTML, like Gecko) Chrome/99.0.4844.82 Safari/537.36"
- - - [25/Mar/2022:14:00:18 +0100] "GET /web/assets/715ad1a4/js/gii.js HTTP/1.1" 200 3022 "http://localhost:81/web/index.php?r=gii" "Mozilla/5.0 (X11; Linux x86_64) AppleWebKit/537.36 (KHTML, like Gecko) Chrome/99.0.4844.82 Safari/537.36"
- - - [25/Mar/2022:14:00:18 +0100] "GET /web/assets/715ad1a4/js/bs4-native.min.js HTTP/1.1" 200 9223 "http://localhost:81/web/index.php?r=gii" "Mozilla/5.0 (X11; Linux x86_64) AppleWebKit/537.36 (KHTML, like Gecko) Chrome/99.0.4844.82 Safari/537.36"
- - - [25/Mar/2022:14:00:18 +0100] "GET /web/index.php?r=debug%2Fdefault%2Ftoolbar&tag=623dbce298dfa HTTP/1.1" 200 3277 "http://localhost:81/web/index.php?r=gii" "Mozilla/5.0 (X11; Linux x86_64) AppleWebKit/537.36 (KHTML, like Gecko) Chrome/99.0.4844.82 Safari/537.36"
- - - [25/Mar/2022:14:00:20 +0100] "GET /web/index.php?r=gii%2Fdefault%2Fview&id=model HTTP/1.1" 200 10749 "http://localhost:81/web/index.php?r=gii" "Mozilla/5.0 (X11; Linux x86_64) AppleWebKit/537.36 (KHTML, like Gecko) Chrome/99.0.4844.82 Safari/537.36"
- - - [25/Mar/2022:14:00:21 +0100] "GET /web/index.php?r=debug%2Fdefault%2Ftoolbar&tag=623dbce501a4c HTTP/1.1" 200 3343 "http://localhost:81/web/index.php?r=gii%2Fdefault%2Fview&id=model" "Mozilla/5.0 (X11; Linux x86_64) AppleWebKit/537.36 (KHTML, like Gecko) Chrome/99.0.4844.82 Safari/537.36"
- - - [25/Mar/2022:14:00:41 +0100] "POST /web/index.php?r=gii%2Fdefault%2Faction&id=model&name=GenerateClassName HTTP/1.1" 200 7 "http://localhost:81/web/index.php?r=gii%2Fdefault%2Fview&id=model" "Mozilla/5.0 (X11; Linux x86_64) AppleWebKit/537.36 (KHTML, like Gecko) Chrome/99.0.4844.82 Safari/537.36"
- - - [25/Mar/2022:14:01:20 +0100] "POST /web/index.php?r=gii%2Fdefault%2Fview&id=model HTTP/1.1" 200 11611 "http://localhost:81/web/index.php?r=gii%2Fdefault%2Fview&id=model" "Mozilla/5.0 (X11; Linux x86_64) AppleWebKit/537.36 (KHTML, like Gecko) Chrome/99.0.4844.82 Safari/537.36"
- - - [25/Mar/2022:14:01:21 +0100] "GET /web/assets/715ad1a4/logo.png HTTP/1.1" 304 - "http://localhost:81/web/index.php?r=gii%2Fdefault%2Fview&id=model" "Mozilla/5.0 (X11; Linux x86_64) AppleWebKit/537.36 (KHTML, like Gecko) Chrome/99.0.4844.82 Safari/537.36"
- - - [25/Mar/2022:14:01:21 +0100] "GET /web/assets/715ad1a4/css/main.css HTTP/1.1" 200 16957 "http://localhost:81/web/index.php?r=gii%2Fdefault%2Fview&id=model" "Mozilla/5.0 (X11; Linux x86_64) AppleWebKit/537.36 (KHTML, like Gecko) Chrome/99.0.4844.82 Safari/537.36"
- - - [25/Mar/2022:14:01:21 +0100] "GET /web/assets/715ad1a4/js/gii.js HTTP/1.1" 200 3022 "http://localhost:81/web/index.php?r=gii%2Fdefault%2Fview&id=model" "Mozilla/5.0 (X11; Linux x86_64) AppleWebKit/537.36 (KHTML, like Gecko) Chrome/99.0.4844.82 Safari/537.36"
- - - [25/Mar/2022:14:01:21 +0100] "GET /web/assets/715ad1a4/js/bs4-native.min.js HTTP/1.1" 200 9223 "http://localhost:81/web/index.php?r=gii%2Fdefault%2Fview&id=model" "Mozilla/5.0 (X11; Linux x86_64) AppleWebKit/537.36 (KHTML, like Gecko) Chrome/99.0.4844.82 Safari/537.36"
- - - [25/Mar/2022:14:01:21 +0100] "GET /web/index.php?r=debug%2Fdefault%2Ftoolbar&tag=623dbd20d6ab7 HTTP/1.1" 200 3344 "http://localhost:81/web/index.php?r=gii%2Fdefault%2Fview&id=model" "Mozilla/5.0 (X11; Linux x86_64) AppleWebKit/537.36 (KHTML, like Gecko) Chrome/99.0.4844.82 Safari/537.36"
- - - [25/Mar/2022:14:01:26 +0100] "POST /web/index.php?r=gii%2Fdefault%2Fdiff&id=model&file=0eec45fdfbc7e6556209e785bcbc669a HTTP/1.1" 200 940 "http://localhost:81/web/index.php?r=gii%2Fdefault%2Fview&id=model" "Mozilla/5.0 (X11; Linux x86_64) AppleWebKit/537.36 (KHTML, like Gecko) Chrome/99.0.4844.82 Safari/537.36"
- - - [25/Mar/2022:14:01:39 +0100] "POST /web/index.php?r=gii%2Fdefault%2Fview&id=model HTTP/1.1" 200 11607 "http://localhost:81/web/index.php?r=gii%2Fdefault%2Fview&id=model" "Mozilla/5.0 (X11; Linux x86_64) AppleWebKit/537.36 (KHTML, like Gecko) Chrome/99.0.4844.82 Safari/537.36"
- - - [25/Mar/2022:14:01:39 +0100] "GET /web/index.php?r=debug%2Fdefault%2Ftoolbar&tag=623dbd330f3ac HTTP/1.1" 200 3343 "http://localhost:81/web/index.php?r=gii%2Fdefault%2Fview&id=model" "Mozilla/5.0 (X11; Linux x86_64) AppleWebKit/537.36 (KHTML, like Gecko) Chrome/99.0.4844.82 Safari/537.36"
- - - [25/Mar/2022:14:01:44 +0100] "POST /web/index.php?r=gii%2Fdefault%2Fview&id=model HTTP/1.1" 200 11607 "http://localhost:81/web/index.php?r=gii%2Fdefault%2Fview&id=model" "Mozilla/5.0 (X11; Linux x86_64) AppleWebKit/537.36 (KHTML, like Gecko) Chrome/99.0.4844.82 Safari/537.36"
- - - [25/Mar/2022:14:01:44 +0100] "GET /web/index.php?r=debug%2Fdefault%2Ftoolbar&tag=623dbd3889d73 HTTP/1.1" 200 3344 "http://localhost:81/web/index.php?r=gii%2Fdefault%2Fview&id=model" "Mozilla/5.0 (X11; Linux x86_64) AppleWebKit/537.36 (KHTML, like Gecko) Chrome/99.0.4844.82 Safari/537.36"
- - - [25/Mar/2022:14:02:33 +0100] "POST /web/index.php?r=gii%2Fdefault%2Fview&id=model HTTP/1.1" 200 11605 "http://localhost:81/web/index.php?r=gii%2Fdefault%2Fview&id=model" "Mozilla/5.0 (X11; Linux x86_64) AppleWebKit/537.36 (KHTML, like Gecko) Chrome/99.0.4844.82 Safari/537.36"
- - - [25/Mar/2022:14:02:33 +0100] "GET /web/assets/715ad1a4/logo.png HTTP/1.1" 304 - "http://localhost:81/web/index.php?r=gii%2Fdefault%2Fview&id=model" "Mozilla/5.0 (X11; Linux x86_64) AppleWebKit/537.36 (KHTML, like Gecko) Chrome/99.0.4844.82 Safari/537.36"
- - - [25/Mar/2022:14:02:33 +0100] "GET /web/assets/715ad1a4/css/main.css HTTP/1.1" 200 16957 "http://localhost:81/web/index.php?r=gii%2Fdefault%2Fview&id=model" "Mozilla/5.0 (X11; Linux x86_64) AppleWebKit/537.36 (KHTML, like Gecko) Chrome/99.0.4844.82 Safari/537.36"
- - - [25/Mar/2022:14:02:33 +0100] "GET /web/assets/715ad1a4/js/bs4-native.min.js HTTP/1.1" 200 9223 "http://localhost:81/web/index.php?r=gii%2Fdefault%2Fview&id=model" "Mozilla/5.0 (X11; Linux x86_64) AppleWebKit/537.36 (KHTML, like Gecko) Chrome/99.0.4844.82 Safari/537.36"
- - - [25/Mar/2022:14:02:33 +0100] "GET /web/assets/715ad1a4/js/gii.js HTTP/1.1" 200 3022 "http://localhost:81/web/index.php?r=gii%2Fdefault%2Fview&id=model" "Mozilla/5.0 (X11; Linux x86_64) AppleWebKit/537.36 (KHTML, like Gecko) Chrome/99.0.4844.82 Safari/537.36"
- - - [25/Mar/2022:14:02:33 +0100] "GET /web/index.php?r=debug%2Fdefault%2Ftoolbar&tag=623dbd69b2043 HTTP/1.1" 200 3343 "http://localhost:81/web/index.php?r=gii%2Fdefault%2Fview&id=model" "Mozilla/5.0 (X11; Linux x86_64) AppleWebKit/537.36 (KHTML, like Gecko) Chrome/99.0.4844.82 Safari/537.36"
- - - [25/Mar/2022:14:02:43 +0100] "GET /web/index.php?r=gii%2Fdefault%2Findex HTTP/1.1" 200 7570 "http://localhost:81/web/index.php?r=gii%2Fdefault%2Fview&id=model" "Mozilla/5.0 (X11; Linux x86_64) AppleWebKit/537.36 (KHTML, like Gecko) Chrome/99.0.4844.82 Safari/537.36"
- - - [25/Mar/2022:14:02:43 +0100] "GET /web/index.php?r=debug%2Fdefault%2Ftoolbar&tag=623dbd730bdc6 HTTP/1.1" 200 3277 "http://localhost:81/web/index.php?r=gii%2Fdefault%2Findex" "Mozilla/5.0 (X11; Linux x86_64) AppleWebKit/537.36 (KHTML, like Gecko) Chrome/99.0.4844.82 Safari/537.36"
- - - [25/Mar/2022:14:02:59 +0100] "GET /web//index.php?r=country%2Findex HTTP/1.1" 200 7220 "-" "Mozilla/5.0 (X11; Linux x86_64) AppleWebKit/537.36 (KHTML, like Gecko) Chrome/99.0.4844.82 Safari/537.36"
- - - [25/Mar/2022:14:02:59 +0100] "GET /web/index.php?r=debug%2Fdefault%2Ftoolbar&tag=623dbd83bdd6c HTTP/1.1" 200 3338 "http://localhost:81/web//index.php?r=country%2Findex" "Mozilla/5.0 (X11; Linux x86_64) AppleWebKit/537.36 (KHTML, like Gecko) Chrome/99.0.4844.82 Safari/537.36"
- - - [25/Mar/2022:14:03:51 +0100] "-" 408 - "-" "-"
- - - [25/Mar/2022:14:04:06 +0100] "POST /web/index.php?r=gii%2Fdefault%2Fview&id=model HTTP/1.1" 200 10859 "http://localhost:81/web/index.php?r=gii%2Fdefault%2Fview&id=model" "Mozilla/5.0 (X11; Linux x86_64) AppleWebKit/537.36 (KHTML, like Gecko) Chrome/99.0.4844.82 Safari/537.36"
- - - [25/Mar/2022:14:04:06 +0100] "GET /web/assets/715ad1a4/logo.png HTTP/1.1" 304 - "http://localhost:81/web/index.php?r=gii%2Fdefault%2Fview&id=model" "Mozilla/5.0 (X11; Linux x86_64) AppleWebKit/537.36 (KHTML, like Gecko) Chrome/99.0.4844.82 Safari/537.36"
- - - [25/Mar/2022:14:04:06 +0100] "GET /web/assets/715ad1a4/css/main.css HTTP/1.1" 200 16957 "http://localhost:81/web/index.php?r=gii%2Fdefault%2Fview&id=model" "Mozilla/5.0 (X11; Linux x86_64) AppleWebKit/537.36 (KHTML, like Gecko) Chrome/99.0.4844.82 Safari/537.36"
- - - [25/Mar/2022:14:04:06 +0100] "GET /web/assets/715ad1a4/js/gii.js HTTP/1.1" 200 3022 "http://localhost:81/web/index.php?r=gii%2Fdefault%2Fview&id=model" "Mozilla/5.0 (X11; Linux x86_64) AppleWebKit/537.36 (KHTML, like Gecko) Chrome/99.0.4844.82 Safari/537.36"
- - - [25/Mar/2022:14:04:06 +0100] "GET /web/assets/715ad1a4/js/bs4-native.min.js HTTP/1.1" 200 9223 "http://localhost:81/web/index.php?r=gii%2Fdefault%2Fview&id=model" "Mozilla/5.0 (X11; Linux x86_64) AppleWebKit/537.36 (KHTML, like Gecko) Chrome/99.0.4844.82 Safari/537.36"
- - - [25/Mar/2022:14:04:06 +0100] "GET /web/index.php?r=debug%2Fdefault%2Ftoolbar&tag=623dbdc660bf6 HTTP/1.1" 200 3344 "http://localhost:81/web/index.php?r=gii%2Fdefault%2Fview&id=model" "Mozilla/5.0 (X11; Linux x86_64) AppleWebKit/537.36 (KHTML, like Gecko) Chrome/99.0.4844.82 Safari/537.36"
- - - [25/Mar/2022:14:04:12 +0100] "GET /web//index.php?r=country%2Findex HTTP/1.1" 200 7221 "-" "Mozilla/5.0 (X11; Linux x86_64) AppleWebKit/537.36 (KHTML, like Gecko) Chrome/99.0.4844.82 Safari/537.36"
- - - [25/Mar/2022:14:04:12 +0100] "GET /web/index.php?r=debug%2Fdefault%2Ftoolbar&tag=623dbdcc3e368 HTTP/1.1" 200 3339 "http://localhost:81/web//index.php?r=country%2Findex" "Mozilla/5.0 (X11; Linux x86_64) AppleWebKit/537.36 (KHTML, like Gecko) Chrome/99.0.4844.82 Safari/537.36"
- - - [25/Mar/2022:14:04:13 +0100] "GET /web//index.php?r=country%2Findex HTTP/1.1" 200 7221 "-" "Mozilla/5.0 (X11; Linux x86_64) AppleWebKit/537.36 (KHTML, like Gecko) Chrome/99.0.4844.82 Safari/537.36"
- - - [25/Mar/2022:14:04:13 +0100] "GET /web/index.php?r=debug%2Fdefault%2Ftoolbar&tag=623dbdcd4ba3a HTTP/1.1" 200 3338 "http://localhost:81/web//index.php?r=country%2Findex" "Mozilla/5.0 (X11; Linux x86_64) AppleWebKit/537.36 (KHTML, like Gecko) Chrome/99.0.4844.82 Safari/537.36"
- - - [25/Mar/2022:14:05:03 +0100] "-" 408 - "-" "-"
- - - [25/Mar/2022:14:05:48 +0100] "GET /web//index.php?r=country%2Findex HTTP/1.1" 200 7220 "-" "Mozilla/5.0 (X11; Linux x86_64) AppleWebKit/537.36 (KHTML, like Gecko) Chrome/99.0.4844.82 Safari/537.36"
- - - [25/Mar/2022:14:05:48 +0100] "GET /web/css/site.css HTTP/1.1" 200 605 "http://localhost:81/web//index.php?r=country%2Findex" "Mozilla/5.0 (X11; Linux x86_64) AppleWebKit/537.36 (KHTML, like Gecko) Chrome/99.0.4844.82 Safari/537.36"
- - - [25/Mar/2022:14:05:48 +0100] "GET /web/assets/89b870a/css/bootstrap.css HTTP/1.1" 200 26384 "http://localhost:81/web//index.php?r=country%2Findex" "Mozilla/5.0 (X11; Linux x86_64) AppleWebKit/537.36 (KHTML, like Gecko) Chrome/99.0.4844.82 Safari/537.36"
- - - [25/Mar/2022:14:05:48 +0100] "GET /web/assets/b9b898b0/yii.js HTTP/1.1" 200 5813 "http://localhost:81/web//index.php?r=country%2Findex" "Mozilla/5.0 (X11; Linux x86_64) AppleWebKit/537.36 (KHTML, like Gecko) Chrome/99.0.4844.82 Safari/537.36"
- - - [25/Mar/2022:14:05:48 +0100] "GET /web/assets/89b870a/js/bootstrap.bundle.js HTTP/1.1" 200 49039 "http://localhost:81/web//index.php?r=country%2Findex" "Mozilla/5.0 (X11; Linux x86_64) AppleWebKit/537.36 (KHTML, like Gecko) Chrome/99.0.4844.82 Safari/537.36"
- - - [25/Mar/2022:14:05:48 +0100] "GET /web/assets/bac3bd97/jquery.js HTTP/1.1" 200 85119 "http://localhost:81/web//index.php?r=country%2Findex" "Mozilla/5.0 (X11; Linux x86_64) AppleWebKit/537.36 (KHTML, like Gecko) Chrome/99.0.4844.82 Safari/537.36"
- - - [25/Mar/2022:14:05:48 +0100] "GET /favicon.ico HTTP/1.1" 404 271 "http://localhost:81/web//index.php?r=country%2Findex" "Mozilla/5.0 (X11; Linux x86_64) AppleWebKit/537.36 (KHTML, like Gecko) Chrome/99.0.4844.82 Safari/537.36"
- - - [25/Mar/2022:14:05:48 +0100] "GET /web/index.php?r=debug%2Fdefault%2Ftoolbar&tag=623dbe2c3b747 HTTP/1.1" 200 3339 "http://localhost:81/web//index.php?r=country%2Findex" "Mozilla/5.0 (X11; Linux x86_64) AppleWebKit/537.36 (KHTML, like Gecko) Chrome/99.0.4844.82 Safari/537.36"
- - - [25/Mar/2022:14:05:51 +0100] "GET /web/index.php?r=debug%2Fdefault%2Fview&panel=router&tag=623dbe2c3b747 HTTP/1.1" 200 5300 "http://localhost:81/web//index.php?r=country%2Findex" "Mozilla/5.0 (X11; Linux x86_64) AppleWebKit/537.36 (KHTML, like Gecko) Chrome/99.0.4844.82 Safari/537.36"
- - - [25/Mar/2022:14:05:51 +0100] "GET /web/assets/1570c8d1/css/toolbar.css HTTP/1.1" 200 2636 "http://localhost:81/web/index.php?r=debug%2Fdefault%2Fview&panel=router&tag=623dbe2c3b747" "Mozilla/5.0 (X11; Linux x86_64) AppleWebKit/537.36 (KHTML, like Gecko) Chrome/99.0.4844.82 Safari/537.36"
- - - [25/Mar/2022:14:05:51 +0100] "GET /web/assets/1570c8d1/js/polyfill.min.js HTTP/1.1" 200 1711 "http://localhost:81/web/index.php?r=debug%2Fdefault%2Fview&panel=router&tag=623dbe2c3b747" "Mozilla/5.0 (X11; Linux x86_64) AppleWebKit/537.36 (KHTML, like Gecko) Chrome/99.0.4844.82 Safari/537.36"
- - - [25/Mar/2022:14:05:51 +0100] "GET /web/assets/1570c8d1/css/main.css HTTP/1.1" 200 19172 "http://localhost:81/web/index.php?r=debug%2Fdefault%2Fview&panel=router&tag=623dbe2c3b747" "Mozilla/5.0 (X11; Linux x86_64) AppleWebKit/537.36 (KHTML, like Gecko) Chrome/99.0.4844.82 Safari/537.36"
- - - [25/Mar/2022:14:05:51 +0100] "GET /web/assets/1570c8d1/js/bs4-native.min.js HTTP/1.1" 200 7726 "http://localhost:81/web/index.php?r=debug%2Fdefault%2Fview&panel=router&tag=623dbe2c3b747" "Mozilla/5.0 (X11; Linux x86_64) AppleWebKit/537.36 (KHTML, like Gecko) Chrome/99.0.4844.82 Safari/537.36"
- - - [25/Mar/2022:14:05:59 +0100] "GET /web/index.php?r=site%2Findex HTTP/1.1" 200 7502 "http://localhost:81/web//index.php?r=country%2Findex" "Mozilla/5.0 (X11; Linux x86_64) AppleWebKit/537.36 (KHTML, like Gecko) Chrome/99.0.4844.82 Safari/537.36"
- - - [25/Mar/2022:14:06:00 +0100] "GET /web/index.php?r=debug%2Fdefault%2Ftoolbar&tag=623dbe37e6484 HTTP/1.1" 200 3272 "http://localhost:81/web/index.php?r=site%2Findex" "Mozilla/5.0 (X11; Linux x86_64) AppleWebKit/537.36 (KHTML, like Gecko) Chrome/99.0.4844.82 Safari/537.36"
- - - [25/Mar/2022:14:06:02 +0100] "GET /web//index.php?r=country%2Findex HTTP/1.1" 200 7218 "-" "Mozilla/5.0 (X11; Linux x86_64) AppleWebKit/537.36 (KHTML, like Gecko) Chrome/99.0.4844.82 Safari/537.36"
- - - [25/Mar/2022:14:06:02 +0100] "GET /web/index.php?r=debug%2Fdefault%2Ftoolbar&tag=623dbe3a4a5f5 HTTP/1.1" 200 3340 "http://localhost:81/web//index.php?r=country%2Findex" "Mozilla/5.0 (X11; Linux x86_64) AppleWebKit/537.36 (KHTML, like Gecko) Chrome/99.0.4844.82 Safari/537.36"
- - - [25/Mar/2022:14:06:51 +0100] "-" 408 - "-" "-"
- - - [25/Mar/2022:14:07:30 +0100] "GET /web//index.php?r=country%2Findex HTTP/1.1" 200 7223 "-" "Mozilla/5.0 (X11; Linux x86_64) AppleWebKit/537.36 (KHTML, like Gecko) Chrome/99.0.4844.82 Safari/537.36"
- - - [25/Mar/2022:14:07:30 +0100] "GET /web/css/site.css HTTP/1.1" 200 605 "http://localhost:81/web//index.php?r=country%2Findex" "Mozilla/5.0 (X11; Linux x86_64) AppleWebKit/537.36 (KHTML, like Gecko) Chrome/99.0.4844.82 Safari/537.36"
- - - [25/Mar/2022:14:07:30 +0100] "GET /web/assets/b9b898b0/yii.js HTTP/1.1" 200 5813 "http://localhost:81/web//index.php?r=country%2Findex" "Mozilla/5.0 (X11; Linux x86_64) AppleWebKit/537.36 (KHTML, like Gecko) Chrome/99.0.4844.82 Safari/537.36"
- - - [25/Mar/2022:14:07:30 +0100] "GET /web/assets/89b870a/css/bootstrap.css HTTP/1.1" 200 26384 "http://localhost:81/web//index.php?r=country%2Findex" "Mozilla/5.0 (X11; Linux x86_64) AppleWebKit/537.36 (KHTML, like Gecko) Chrome/99.0.4844.82 Safari/537.36"
- - - [25/Mar/2022:14:07:30 +0100] "GET /web/assets/89b870a/js/bootstrap.bundle.js HTTP/1.1" 200 49039 "http://localhost:81/web//index.php?r=country%2Findex" "Mozilla/5.0 (X11; Linux x86_64) AppleWebKit/537.36 (KHTML, like Gecko) Chrome/99.0.4844.82 Safari/537.36"
- - - [25/Mar/2022:14:07:30 +0100] "GET /web/assets/bac3bd97/jquery.js HTTP/1.1" 200 85119 "http://localhost:81/web//index.php?r=country%2Findex" "Mozilla/5.0 (X11; Linux x86_64) AppleWebKit/537.36 (KHTML, like Gecko) Chrome/99.0.4844.82 Safari/537.36"
- - - [25/Mar/2022:14:07:31 +0100] "GET /web/index.php?r=debug%2Fdefault%2Ftoolbar&tag=623dbe92dcbfa HTTP/1.1" 200 3338 "http://localhost:81/web//index.php?r=country%2Findex" "Mozilla/5.0 (X11; Linux x86_64) AppleWebKit/537.36 (KHTML, like Gecko) Chrome/99.0.4844.82 Safari/537.36"
- - - [25/Mar/2022:14:07:31 +0100] "GET /favicon.ico HTTP/1.1" 404 271 "http://localhost:81/web//index.php?r=country%2Findex" "Mozilla/5.0 (X11; Linux x86_64) AppleWebKit/537.36 (KHTML, like Gecko) Chrome/99.0.4844.82 Safari/537.36"
- - - [25/Mar/2022:14:08:07 +0100] "GET /web/index.php?r=gii%2Fdefault%2Fview&id=crud HTTP/1.1" 200 9575 "http://localhost:81/web/index.php?r=gii%2Fdefault%2Fview&id=model" "Mozilla/5.0 (X11; Linux x86_64) AppleWebKit/537.36 (KHTML, like Gecko) Chrome/99.0.4844.82 Safari/537.36"
- - - [25/Mar/2022:14:08:07 +0100] "GET /web/assets/715ad1a4/logo.png HTTP/1.1" 304 - "http://localhost:81/web/index.php?r=gii%2Fdefault%2Fview&id=crud" "Mozilla/5.0 (X11; Linux x86_64) AppleWebKit/537.36 (KHTML, like Gecko) Chrome/99.0.4844.82 Safari/537.36"
- - - [25/Mar/2022:14:08:07 +0100] "GET /web/assets/715ad1a4/css/main.css HTTP/1.1" 200 16957 "http://localhost:81/web/index.php?r=gii%2Fdefault%2Fview&id=crud" "Mozilla/5.0 (X11; Linux x86_64) AppleWebKit/537.36 (KHTML, like Gecko) Chrome/99.0.4844.82 Safari/537.36"
- - - [25/Mar/2022:14:08:08 +0100] "GET /web/assets/715ad1a4/js/gii.js HTTP/1.1" 200 3022 "http://localhost:81/web/index.php?r=gii%2Fdefault%2Fview&id=crud" "Mozilla/5.0 (X11; Linux x86_64) AppleWebKit/537.36 (KHTML, like Gecko) Chrome/99.0.4844.82 Safari/537.36"
- - - [25/Mar/2022:14:08:08 +0100] "GET /web/assets/715ad1a4/js/bs4-native.min.js HTTP/1.1" 200 9223 "http://localhost:81/web/index.php?r=gii%2Fdefault%2Fview&id=crud" "Mozilla/5.0 (X11; Linux x86_64) AppleWebKit/537.36 (KHTML, like Gecko) Chrome/99.0.4844.82 Safari/537.36"
- - - [25/Mar/2022:14:08:08 +0100] "GET /web/index.php?r=debug%2Fdefault%2Ftoolbar&tag=623dbeb7de7eb HTTP/1.1" 200 3277 "http://localhost:81/web/index.php?r=gii%2Fdefault%2Fview&id=crud" "Mozilla/5.0 (X11; Linux x86_64) AppleWebKit/537.36 (KHTML, like Gecko) Chrome/99.0.4844.82 Safari/537.36"
- - - [25/Mar/2022:14:09:25 +0100] "POST /web/index.php?r=gii%2Fdefault%2Fview&id=crud HTTP/1.1" 200 10847 "http://localhost:81/web/index.php?r=gii%2Fdefault%2Fview&id=crud" "Mozilla/5.0 (X11; Linux x86_64) AppleWebKit/537.36 (KHTML, like Gecko) Chrome/99.0.4844.82 Safari/537.36"
- - - [25/Mar/2022:14:09:26 +0100] "GET /web/index.php?r=debug%2Fdefault%2Ftoolbar&tag=623dbf05e7181 HTTP/1.1" 200 3344 "http://localhost:81/web/index.php?r=gii%2Fdefault%2Fview&id=crud" "Mozilla/5.0 (X11; Linux x86_64) AppleWebKit/537.36 (KHTML, like Gecko) Chrome/99.0.4844.82 Safari/537.36"
- - - [25/Mar/2022:14:09:29 +0100] "POST /web/index.php?r=gii%2Fdefault%2Fdiff&id=crud&file=6ff3aa612c1c9b6e729cc753abe02705 HTTP/1.1" 200 929 "http://localhost:81/web/index.php?r=gii%2Fdefault%2Fview&id=crud" "Mozilla/5.0 (X11; Linux x86_64) AppleWebKit/537.36 (KHTML, like Gecko) Chrome/99.0.4844.82 Safari/537.36"
- - - [25/Mar/2022:14:09:41 +0100] "POST /web/index.php?r=gii%2Fdefault%2Fdiff&id=crud&file=37aba056ac08c0c810b1b4c0fb28d47d HTTP/1.1" 200 1214 "http://localhost:81/web/index.php?r=gii%2Fdefault%2Fview&id=crud" "Mozilla/5.0 (X11; Linux x86_64) AppleWebKit/537.36 (KHTML, like Gecko) Chrome/99.0.4844.82 Safari/537.36"
- - - [25/Mar/2022:14:09:55 +0100] "POST /web/index.php?r=gii%2Fdefault%2Fview&id=crud HTTP/1.1" 200 9748 "http://localhost:81/web/index.php?r=gii%2Fdefault%2Fview&id=crud" "Mozilla/5.0 (X11; Linux x86_64) AppleWebKit/537.36 (KHTML, like Gecko) Chrome/99.0.4844.82 Safari/537.36"
- - - [25/Mar/2022:14:09:55 +0100] "GET /web/assets/715ad1a4/logo.png HTTP/1.1" 304 - "http://localhost:81/web/index.php?r=gii%2Fdefault%2Fview&id=crud" "Mozilla/5.0 (X11; Linux x86_64) AppleWebKit/537.36 (KHTML, like Gecko) Chrome/99.0.4844.82 Safari/537.36"
- - - [25/Mar/2022:14:09:55 +0100] "GET /web/assets/715ad1a4/css/main.css HTTP/1.1" 200 16957 "http://localhost:81/web/index.php?r=gii%2Fdefault%2Fview&id=crud" "Mozilla/5.0 (X11; Linux x86_64) AppleWebKit/537.36 (KHTML, like Gecko) Chrome/99.0.4844.82 Safari/537.36"
- - - [25/Mar/2022:14:09:55 +0100] "GET /web/index.php?r=debug%2Fdefault%2Ftoolbar&tag=623dbf2370ba3 HTTP/1.1" 200 3344 "http://localhost:81/web/index.php?r=gii%2Fdefault%2Fview&id=crud" "Mozilla/5.0 (X11; Linux x86_64) AppleWebKit/537.36 (KHTML, like Gecko) Chrome/99.0.4844.82 Safari/537.36"
- - - [25/Mar/2022:14:09:59 +0100] "GET /web//index.php?r=country%2Findex HTTP/1.1" 500 76375 "-" "Mozilla/5.0 (X11; Linux x86_64) AppleWebKit/537.36 (KHTML, like Gecko) Chrome/99.0.4844.82 Safari/537.36"
- - - [25/Mar/2022:14:11:55 +0100] "GET /web//index.php?r=country%2Findex HTTP/1.1" 500 96374 "-" "Mozilla/5.0 (X11; Linux x86_64) AppleWebKit/537.36 (KHTML, like Gecko) Chrome/99.0.4844.82 Safari/537.36"
- - - [25/Mar/2022:14:11:56 +0100] "GET /web/index.php?r=debug%2Fdefault%2Ftoolbar&tag=623dbf9bdcbe5 HTTP/1.1" 200 3359 "http://localhost:81/web//index.php?r=country%2Findex" "Mozilla/5.0 (X11; Linux x86_64) AppleWebKit/537.36 (KHTML, like Gecko) Chrome/99.0.4844.82 Safari/537.36"
- - - [25/Mar/2022:14:12:51 +0100] "GET /web//index.php?r=country%2Findex HTTP/1.1" 500 98531 "-" "Mozilla/5.0 (X11; Linux x86_64) AppleWebKit/537.36 (KHTML, like Gecko) Chrome/99.0.4844.82 Safari/537.36"
- - - [25/Mar/2022:14:12:51 +0100] "GET /favicon.ico HTTP/1.1" 404 271 "http://localhost:81/web//index.php?r=country%2Findex" "Mozilla/5.0 (X11; Linux x86_64) AppleWebKit/537.36 (KHTML, like Gecko) Chrome/99.0.4844.82 Safari/537.36"
- - - [25/Mar/2022:14:12:51 +0100] "GET /web/index.php?r=debug%2Fdefault%2Ftoolbar&tag=623dbfd33bd17 HTTP/1.1" 200 3362 "http://localhost:81/web//index.php?r=country%2Findex" "Mozilla/5.0 (X11; Linux x86_64) AppleWebKit/537.36 (KHTML, like Gecko) Chrome/99.0.4844.82 Safari/537.36"
- - - [25/Mar/2022:14:15:58 +0100] "GET /web//index.php?r=country%2Findex HTTP/1.1" 500 76375 "-" "Mozilla/5.0 (X11; Linux x86_64) AppleWebKit/537.36 (KHTML, like Gecko) Chrome/99.0.4844.82 Safari/537.36"
- - - [25/Mar/2022:14:16:04 +0100] "GET /web//index.php?r=country%2Findex HTTP/1.1" 500 76375 "-" "Mozilla/5.0 (X11; Linux x86_64) AppleWebKit/537.36 (KHTML, like Gecko) Chrome/99.0.4844.82 Safari/537.36"
- - - [25/Mar/2022:14:16:51 +0100] "GET /web//index.php?r=country%2Findex HTTP/1.1" 500 76375 "-" "Mozilla/5.0 (X11; Linux x86_64) AppleWebKit/537.36 (KHTML, like Gecko) Chrome/99.0.4844.82 Safari/537.36"
- - - [25/Mar/2022:14:16:53 +0100] "GET /web//index.php?r=country%2Findex HTTP/1.1" 500 76375 "-" "Mozilla/5.0 (X11; Linux x86_64) AppleWebKit/537.36 (KHTML, like Gecko) Chrome/99.0.4844.82 Safari/537.36"
- - - [25/Mar/2022:14:16:54 +0100] "GET /favicon.ico HTTP/1.1" 404 271 "http://localhost:81/web//index.php?r=country%2Findex" "Mozilla/5.0 (X11; Linux x86_64) AppleWebKit/537.36 (KHTML, like Gecko) Chrome/99.0.4844.82 Safari/537.36"
- - - [25/Mar/2022:14:19:00 +0100] "GET /web//index.php?r=country%2Findex HTTP/1.1" 500 98475 "-" "Mozilla/5.0 (X11; Linux x86_64) AppleWebKit/537.36 (KHTML, like Gecko) Chrome/99.0.4844.82 Safari/537.36"
- - - [25/Mar/2022:14:19:00 +0100] "GET /web/index.php?r=debug%2Fdefault%2Ftoolbar&tag=623dc1448fb85 HTTP/1.1" 200 3361 "http://localhost:81/web//index.php?r=country%2Findex" "Mozilla/5.0 (X11; Linux x86_64) AppleWebKit/537.36 (KHTML, like Gecko) Chrome/99.0.4844.82 Safari/537.36"
- - - [25/Mar/2022:14:19:14 +0100] "GET /web//index.php?r=country%2Findex HTTP/1.1" 500 76329 "-" "Mozilla/5.0 (X11; Linux x86_64) AppleWebKit/537.36 (KHTML, like Gecko) Chrome/99.0.4844.82 Safari/537.36"
- - - [25/Mar/2022:14:19:15 +0100] "GET /favicon.ico HTTP/1.1" 404 271 "http://localhost:81/web//index.php?r=country%2Findex" "Mozilla/5.0 (X11; Linux x86_64) AppleWebKit/537.36 (KHTML, like Gecko) Chrome/99.0.4844.82 Safari/537.36"
- - - [25/Mar/2022:14:19:49 +0100] "GET /web//index.php?r=country%2Findex HTTP/1.1" 500 126098 "-" "Mozilla/5.0 (X11; Linux x86_64) AppleWebKit/537.36 (KHTML, like Gecko) Chrome/99.0.4844.82 Safari/537.36"
- - - [25/Mar/2022:14:19:49 +0100] "GET /web/index.php?r=debug%2Fdefault%2Ftoolbar&tag=623dc17593c50 HTTP/1.1" 200 3403 "http://localhost:81/web//index.php?r=country%2Findex" "Mozilla/5.0 (X11; Linux x86_64) AppleWebKit/537.36 (KHTML, like Gecko) Chrome/99.0.4844.82 Safari/537.36"
- - - [25/Mar/2022:14:19:49 +0100] "GET /favicon.ico HTTP/1.1" 404 271 "http://localhost:81/web//index.php?r=country%2Findex" "Mozilla/5.0 (X11; Linux x86_64) AppleWebKit/537.36 (KHTML, like Gecko) Chrome/99.0.4844.82 Safari/537.36"
- - - [25/Mar/2022:14:21:15 +0100] "GET /web//index.php?r=country%2Findex HTTP/1.1" 500 126098 "-" "Mozilla/5.0 (X11; Linux x86_64) AppleWebKit/537.36 (KHTML, like Gecko) Chrome/99.0.4844.82 Safari/537.36"
- - - [25/Mar/2022:14:21:15 +0100] "GET /web/index.php?r=debug%2Fdefault%2Ftoolbar&tag=623dc1cbb9882 HTTP/1.1" 200 3403 "http://localhost:81/web//index.php?r=country%2Findex" "Mozilla/5.0 (X11; Linux x86_64) AppleWebKit/537.36 (KHTML, like Gecko) Chrome/99.0.4844.82 Safari/537.36"
- - - [25/Mar/2022:14:21:16 +0100] "GET /favicon.ico HTTP/1.1" 404 271 "http://localhost:81/web//index.php?r=country%2Findex" "Mozilla/5.0 (X11; Linux x86_64) AppleWebKit/537.36 (KHTML, like Gecko) Chrome/99.0.4844.82 Safari/537.36"
- - - [25/Mar/2022:14:22:05 +0100] "GET /web//index.php?r=country%2Findex HTTP/1.1" 500 76375 "-" "Mozilla/5.0 (X11; Linux x86_64) AppleWebKit/537.36 (KHTML, like Gecko) Chrome/99.0.4844.82 Safari/537.36"
- - - [25/Mar/2022:14:22:57 +0100] "-" 408 - "-" "-"
- - - [25/Mar/2022:14:26:58 +0100] "GET /web//index.php?r=country%2Findex HTTP/1.1" 500 126098 "-" "Mozilla/5.0 (X11; Linux x86_64) AppleWebKit/537.36 (KHTML, like Gecko) Chrome/99.0.4844.82 Safari/537.36"
- - - [25/Mar/2022:14:26:59 +0100] "GET /web/index.php?r=debug%2Fdefault%2Ftoolbar&tag=623dc322c670a HTTP/1.1" 200 3406 "http://localhost:81/web//index.php?r=country%2Findex" "Mozilla/5.0 (X11; Linux x86_64) AppleWebKit/537.36 (KHTML, like Gecko) Chrome/99.0.4844.82 Safari/537.36"
- - - [25/Mar/2022:14:26:59 +0100] "GET /favicon.ico HTTP/1.1" 404 271 "http://localhost:81/web//index.php?r=country%2Findex" "Mozilla/5.0 (X11; Linux x86_64) AppleWebKit/537.36 (KHTML, like Gecko) Chrome/99.0.4844.82 Safari/537.36"
- - - [25/Mar/2022:14:50:42 +0100] "GET /web/index.php?r=gii%2Fdefault%2Fview&id=model HTTP/1.1" 200 10752 "http://localhost:81/web/index.php?r=gii%2Fdefault%2Fview&id=crud" "Mozilla/5.0 (X11; Linux x86_64) AppleWebKit/537.36 (KHTML, like Gecko) Chrome/99.0.4844.82 Safari/537.36"
- - - [25/Mar/2022:14:50:42 +0100] "GET /web/assets/715ad1a4/logo.png HTTP/1.1" 304 - "http://localhost:81/web/index.php?r=gii%2Fdefault%2Fview&id=model" "Mozilla/5.0 (X11; Linux x86_64) AppleWebKit/537.36 (KHTML, like Gecko) Chrome/99.0.4844.82 Safari/537.36"
- - - [25/Mar/2022:14:50:42 +0100] "GET /web/assets/715ad1a4/css/main.css HTTP/1.1" 200 16957 "http://localhost:81/web/index.php?r=gii%2Fdefault%2Fview&id=model" "Mozilla/5.0 (X11; Linux x86_64) AppleWebKit/537.36 (KHTML, like Gecko) Chrome/99.0.4844.82 Safari/537.36"
- - - [25/Mar/2022:14:50:43 +0100] "GET /web/assets/b9b898b0/yii.validation.js HTTP/1.1" 200 3068 "http://localhost:81/web/index.php?r=gii%2Fdefault%2Fview&id=model" "Mozilla/5.0 (X11; Linux x86_64) AppleWebKit/537.36 (KHTML, like Gecko) Chrome/99.0.4844.82 Safari/537.36"
- - - [25/Mar/2022:14:50:43 +0100] "GET /web/assets/b9b898b0/yii.js HTTP/1.1" 200 5813 "http://localhost:81/web/index.php?r=gii%2Fdefault%2Fview&id=model" "Mozilla/5.0 (X11; Linux x86_64) AppleWebKit/537.36 (KHTML, like Gecko) Chrome/99.0.4844.82 Safari/537.36"
- - - [25/Mar/2022:14:50:43 +0100] "GET /web/assets/b9b898b0/yii.activeForm.js HTTP/1.1" 200 7457 "http://localhost:81/web/index.php?r=gii%2Fdefault%2Fview&id=model" "Mozilla/5.0 (X11; Linux x86_64) AppleWebKit/537.36 (KHTML, like Gecko) Chrome/99.0.4844.82 Safari/537.36"
- - - [25/Mar/2022:14:50:43 +0100] "GET /web/assets/715ad1a4/js/gii.js HTTP/1.1" 200 3022 "http://localhost:81/web/index.php?r=gii%2Fdefault%2Fview&id=model" "Mozilla/5.0 (X11; Linux x86_64) AppleWebKit/537.36 (KHTML, like Gecko) Chrome/99.0.4844.82 Safari/537.36"
- - - [25/Mar/2022:14:50:43 +0100] "GET /web/assets/715ad1a4/js/bs4-native.min.js HTTP/1.1" 200 9223 "http://localhost:81/web/index.php?r=gii%2Fdefault%2Fview&id=model" "Mozilla/5.0 (X11; Linux x86_64) AppleWebKit/537.36 (KHTML, like Gecko) Chrome/99.0.4844.82 Safari/537.36"
- - - [25/Mar/2022:14:50:43 +0100] "GET /web/assets/bac3bd97/jquery.js HTTP/1.1" 200 85119 "http://localhost:81/web/index.php?r=gii%2Fdefault%2Fview&id=model" "Mozilla/5.0 (X11; Linux x86_64) AppleWebKit/537.36 (KHTML, like Gecko) Chrome/99.0.4844.82 Safari/537.36"
- - - [25/Mar/2022:14:50:43 +0100] "GET /web/index.php?r=debug%2Fdefault%2Ftoolbar&tag=623dc8b2d8461 HTTP/1.1" 200 3342 "http://localhost:81/web/index.php?r=gii%2Fdefault%2Fview&id=model" "Mozilla/5.0 (X11; Linux x86_64) AppleWebKit/537.36 (KHTML, like Gecko) Chrome/99.0.4844.82 Safari/537.36"
- - - [25/Mar/2022:14:50:50 +0100] "OPTIONS * HTTP/1.0" 200 - "-" "Apache/2.4.52 (Debian) (internal dummy connection)"
- - - [25/Mar/2022:14:50:58 +0100] "POST /web/index.php?r=gii%2Fdefault%2Faction&id=model&name=GenerateClassName HTTP/1.1" 200 7 "http://localhost:81/web/index.php?r=gii%2Fdefault%2Fview&id=model" "Mozilla/5.0 (X11; Linux x86_64) AppleWebKit/537.36 (KHTML, like Gecko) Chrome/99.0.4844.82 Safari/537.36"
- - - [25/Mar/2022:14:51:39 +0100] "POST /web/index.php?r=gii%2Fdefault%2Fview&id=model HTTP/1.1" 200 10794 "http://localhost:81/web/index.php?r=gii%2Fdefault%2Fview&id=model" "Mozilla/5.0 (X11; Linux x86_64) AppleWebKit/537.36 (KHTML, like Gecko) Chrome/99.0.4844.82 Safari/537.36"
- - - [25/Mar/2022:14:51:39 +0100] "GET /web/index.php?r=debug%2Fdefault%2Ftoolbar&tag=623dc8eba748d HTTP/1.1" 200 3344 "http://localhost:81/web/index.php?r=gii%2Fdefault%2Fview&id=model" "Mozilla/5.0 (X11; Linux x86_64) AppleWebKit/537.36 (KHTML, like Gecko) Chrome/99.0.4844.82 Safari/537.36"
- - - [25/Mar/2022:14:52:31 +0100] "-" 408 - "-" "-"
- - - [25/Mar/2022:14:53:18 +0100] "GET /web/index.php?r=gii%2Fdefault%2Fview&id=model HTTP/1.1" 200 10750 "http://localhost:81/web/index.php?r=gii%2Fdefault%2Fview&id=model" "Mozilla/5.0 (X11; Linux x86_64) AppleWebKit/537.36 (KHTML, like Gecko) Chrome/99.0.4844.82 Safari/537.36"
- - - [25/Mar/2022:14:53:18 +0100] "GET /web/index.php?r=debug%2Fdefault%2Ftoolbar&tag=623dc94ebfd71 HTTP/1.1" 200 3342 "http://localhost:81/web/index.php?r=gii%2Fdefault%2Fview&id=model" "Mozilla/5.0 (X11; Linux x86_64) AppleWebKit/537.36 (KHTML, like Gecko) Chrome/99.0.4844.82 Safari/537.36"
- - - [25/Mar/2022:14:53:28 +0100] "POST /web/index.php?r=gii%2Fdefault%2Faction&id=model&name=GenerateClassName HTTP/1.1" 200 7 "http://localhost:81/web/index.php?r=gii%2Fdefault%2Fview&id=model" "Mozilla/5.0 (X11; Linux x86_64) AppleWebKit/537.36 (KHTML, like Gecko) Chrome/99.0.4844.82 Safari/537.36"
- - - [25/Mar/2022:14:54:26 +0100] "POST /web/index.php?r=gii%2Fdefault%2Fview&id=model HTTP/1.1" 200 11546 "http://localhost:81/web/index.php?r=gii%2Fdefault%2Fview&id=model" "Mozilla/5.0 (X11; Linux x86_64) AppleWebKit/537.36 (KHTML, like Gecko) Chrome/99.0.4844.82 Safari/537.36"
- - - [25/Mar/2022:14:54:26 +0100] "GET /web/index.php?r=debug%2Fdefault%2Ftoolbar&tag=623dc992241e4 HTTP/1.1" 200 3343 "http://localhost:81/web/index.php?r=gii%2Fdefault%2Fview&id=model" "Mozilla/5.0 (X11; Linux x86_64) AppleWebKit/537.36 (KHTML, like Gecko) Chrome/99.0.4844.82 Safari/537.36"
- - - [25/Mar/2022:14:54:56 +0100] "GET /web/index.php?r=gii%2Fdefault%2Fview&id=crud HTTP/1.1" 200 9579 "http://localhost:81/web/index.php?r=gii%2Fdefault%2Fview&id=model" "Mozilla/5.0 (X11; Linux x86_64) AppleWebKit/537.36 (KHTML, like Gecko) Chrome/99.0.4844.82 Safari/537.36"
- - - [25/Mar/2022:14:54:56 +0100] "GET /web/index.php?r=debug%2Fdefault%2Ftoolbar&tag=623dc9b03c5e6 HTTP/1.1" 200 3278 "http://localhost:81/web/index.php?r=gii%2Fdefault%2Fview&id=crud" "Mozilla/5.0 (X11; Linux x86_64) AppleWebKit/537.36 (KHTML, like Gecko) Chrome/99.0.4844.82 Safari/537.36"
- - - [25/Mar/2022:14:55:33 +0100] "POST /web/index.php?r=gii%2Fdefault%2Fview&id=crud HTTP/1.1" 200 10834 "http://localhost:81/web/index.php?r=gii%2Fdefault%2Fview&id=crud" "Mozilla/5.0 (X11; Linux x86_64) AppleWebKit/537.36 (KHTML, like Gecko) Chrome/99.0.4844.82 Safari/537.36"
- - - [25/Mar/2022:14:55:34 +0100] "GET /web/index.php?r=debug%2Fdefault%2Ftoolbar&tag=623dc9d5e45f7 HTTP/1.1" 200 3343 "http://localhost:81/web/index.php?r=gii%2Fdefault%2Fview&id=crud" "Mozilla/5.0 (X11; Linux x86_64) AppleWebKit/537.36 (KHTML, like Gecko) Chrome/99.0.4844.82 Safari/537.36"
- - - [25/Mar/2022:14:55:37 +0100] "POST /web/index.php?r=gii%2Fdefault%2Fdiff&id=crud&file=37aba056ac08c0c810b1b4c0fb28d47d HTTP/1.1" 200 637 "http://localhost:81/web/index.php?r=gii%2Fdefault%2Fview&id=crud" "Mozilla/5.0 (X11; Linux x86_64) AppleWebKit/537.36 (KHTML, like Gecko) Chrome/99.0.4844.82 Safari/537.36"
- - - [25/Mar/2022:14:55:58 +0100] "POST /web/index.php?r=gii%2Fdefault%2Fview&id=crud HTTP/1.1" 200 9740 "http://localhost:81/web/index.php?r=gii%2Fdefault%2Fview&id=crud" "Mozilla/5.0 (X11; Linux x86_64) AppleWebKit/537.36 (KHTML, like Gecko) Chrome/99.0.4844.82 Safari/537.36"
- - - [25/Mar/2022:14:55:58 +0100] "GET /web/index.php?r=debug%2Fdefault%2Ftoolbar&tag=623dc9ee424d4 HTTP/1.1" 200 3344 "http://localhost:81/web/index.php?r=gii%2Fdefault%2Fview&id=crud" "Mozilla/5.0 (X11; Linux x86_64) AppleWebKit/537.36 (KHTML, like Gecko) Chrome/99.0.4844.82 Safari/537.36"
- - - [25/Mar/2022:14:56:05 +0100] "GET /web//index.php?r=country%2Findex HTTP/1.1" 500 76375 "-" "Mozilla/5.0 (X11; Linux x86_64) AppleWebKit/537.36 (KHTML, like Gecko) Chrome/99.0.4844.82 Safari/537.36"
- - - [25/Mar/2022:14:56:56 +0100] "-" 408 - "-" "-"
- - - [25/Mar/2022:14:59:41 +0100] "GET /web//index.php?r=country%2Findex HTTP/1.1" 500 76745 "-" "Mozilla/5.0 (X11; Linux x86_64) AppleWebKit/537.36 (KHTML, like Gecko) Chrome/99.0.4844.82 Safari/537.36"
- - - [25/Mar/2022:14:59:41 +0100] "GET /favicon.ico HTTP/1.1" 404 271 "http://localhost:81/web//index.php?r=country%2Findex" "Mozilla/5.0 (X11; Linux x86_64) AppleWebKit/537.36 (KHTML, like Gecko) Chrome/99.0.4844.82 Safari/537.36"
- - - [25/Mar/2022:15:00:16 +0100] "GET /web//index.php?r=country%2Findex HTTP/1.1" 500 85705 "-" "Mozilla/5.0 (X11; Linux x86_64) AppleWebKit/537.36 (KHTML, like Gecko) Chrome/99.0.4844.82 Safari/537.36"
- - - [25/Mar/2022:15:00:16 +0100] "GET /web/index.php?r=debug%2Fdefault%2Ftoolbar&tag=623dcaf0766fc HTTP/1.1" 200 3360 "http://localhost:81/web//index.php?r=country%2Findex" "Mozilla/5.0 (X11; Linux x86_64) AppleWebKit/537.36 (KHTML, like Gecko) Chrome/99.0.4844.82 Safari/537.36"
- - - [25/Mar/2022:15:00:16 +0100] "GET /favicon.ico HTTP/1.1" 404 271 "http://localhost:81/web//index.php?r=country%2Findex" "Mozilla/5.0 (X11; Linux x86_64) AppleWebKit/537.36 (KHTML, like Gecko) Chrome/99.0.4844.82 Safari/537.36"
- - - [25/Mar/2022:15:01:15 +0100] "GET /web//index.php?r=country%2Findex HTTP/1.1" 500 85705 "-" "Mozilla/5.0 (X11; Linux x86_64) AppleWebKit/537.36 (KHTML, like Gecko) Chrome/99.0.4844.82 Safari/537.36"
- - - [25/Mar/2022:15:01:15 +0100] "GET /web/index.php?r=debug%2Fdefault%2Ftoolbar&tag=623dcb2b69956 HTTP/1.1" 200 3359 "http://localhost:81/web//index.php?r=country%2Findex" "Mozilla/5.0 (X11; Linux x86_64) AppleWebKit/537.36 (KHTML, like Gecko) Chrome/99.0.4844.82 Safari/537.36"
- - - [25/Mar/2022:15:01:15 +0100] "GET /favicon.ico HTTP/1.1" 404 271 "http://localhost:81/web//index.php?r=country%2Findex" "Mozilla/5.0 (X11; Linux x86_64) AppleWebKit/537.36 (KHTML, like Gecko) Chrome/99.0.4844.82 Safari/537.36"
- - - [25/Mar/2022:15:03:14 +0100] "GET /web//index.php?r=country%2Findex HTTP/1.1" 500 98806 "-" "Mozilla/5.0 (X11; Linux x86_64) AppleWebKit/537.36 (KHTML, like Gecko) Chrome/99.0.4844.82 Safari/537.36"
- - - [25/Mar/2022:15:03:14 +0100] "GET /web/index.php?r=debug%2Fdefault%2Ftoolbar&tag=623dcba26f148 HTTP/1.1" 200 3360 "http://localhost:81/web//index.php?r=country%2Findex" "Mozilla/5.0 (X11; Linux x86_64) AppleWebKit/537.36 (KHTML, like Gecko) Chrome/99.0.4844.82 Safari/537.36"
- - - [25/Mar/2022:15:03:14 +0100] "GET /favicon.ico HTTP/1.1" 404 271 "http://localhost:81/web//index.php?r=country%2Findex" "Mozilla/5.0 (X11; Linux x86_64) AppleWebKit/537.36 (KHTML, like Gecko) Chrome/99.0.4844.82 Safari/537.36"
- - - [25/Mar/2022:15:03:29 +0100] "GET /web//index.php?r=country%2Findex HTTP/1.1" 500 134800 "-" "Mozilla/5.0 (X11; Linux x86_64) AppleWebKit/537.36 (KHTML, like Gecko) Chrome/99.0.4844.82 Safari/537.36"
- - - [25/Mar/2022:15:03:30 +0100] "GET /web/index.php?r=debug%2Fdefault%2Ftoolbar&tag=623dcbb1e707a HTTP/1.1" 200 3406 "http://localhost:81/web//index.php?r=country%2Findex" "Mozilla/5.0 (X11; Linux x86_64) AppleWebKit/537.36 (KHTML, like Gecko) Chrome/99.0.4844.82 Safari/537.36"
- - - [25/Mar/2022:15:03:30 +0100] "GET /favicon.ico HTTP/1.1" 404 271 "http://localhost:81/web//index.php?r=country%2Findex" "Mozilla/5.0 (X11; Linux x86_64) AppleWebKit/537.36 (KHTML, like Gecko) Chrome/99.0.4844.82 Safari/537.36"
- - - [25/Mar/2022:15:07:03 +0100] "GET /web//index.php?r=country%2Findex HTTP/1.1" 200 8764 "-" "Mozilla/5.0 (X11; Linux x86_64) AppleWebKit/537.36 (KHTML, like Gecko) Chrome/99.0.4844.82 Safari/537.36"
- - - [25/Mar/2022:15:07:03 +0100] "GET /web/assets/b9b898b0/yii.js HTTP/1.1" 200 5813 "http://localhost:81/web//index.php?r=country%2Findex" "Mozilla/5.0 (X11; Linux x86_64) AppleWebKit/537.36 (KHTML, like Gecko) Chrome/99.0.4844.82 Safari/537.36"
- - - [25/Mar/2022:15:07:03 +0100] "GET /web/css/site.css HTTP/1.1" 200 605 "http://localhost:81/web//index.php?r=country%2Findex" "Mozilla/5.0 (X11; Linux x86_64) AppleWebKit/537.36 (KHTML, like Gecko) Chrome/99.0.4844.82 Safari/537.36"
- - - [25/Mar/2022:15:07:03 +0100] "GET /web/assets/89b870a/css/bootstrap.css HTTP/1.1" 200 26384 "http://localhost:81/web//index.php?r=country%2Findex" "Mozilla/5.0 (X11; Linux x86_64) AppleWebKit/537.36 (KHTML, like Gecko) Chrome/99.0.4844.82 Safari/537.36"
- - - [25/Mar/2022:15:07:03 +0100] "GET /web/assets/b9b898b0/yii.gridView.js HTTP/1.1" 200 2624 "http://localhost:81/web//index.php?r=country%2Findex" "Mozilla/5.0 (X11; Linux x86_64) AppleWebKit/537.36 (KHTML, like Gecko) Chrome/99.0.4844.82 Safari/537.36"
- - - [25/Mar/2022:15:07:03 +0100] "GET /web/assets/89b870a/js/bootstrap.bundle.js HTTP/1.1" 200 49039 "http://localhost:81/web//index.php?r=country%2Findex" "Mozilla/5.0 (X11; Linux x86_64) AppleWebKit/537.36 (KHTML, like Gecko) Chrome/99.0.4844.82 Safari/537.36"
- - - [25/Mar/2022:15:07:03 +0100] "GET /web/assets/bac3bd97/jquery.js HTTP/1.1" 200 85119 "http://localhost:81/web//index.php?r=country%2Findex" "Mozilla/5.0 (X11; Linux x86_64) AppleWebKit/537.36 (KHTML, like Gecko) Chrome/99.0.4844.82 Safari/537.36"
- - - [25/Mar/2022:15:07:03 +0100] "GET /favicon.ico HTTP/1.1" 404 271 "http://localhost:81/web//index.php?r=country%2Findex" "Mozilla/5.0 (X11; Linux x86_64) AppleWebKit/537.36 (KHTML, like Gecko) Chrome/99.0.4844.82 Safari/537.36"
- - - [25/Mar/2022:15:07:03 +0100] "GET /web/index.php?r=debug%2Fdefault%2Ftoolbar&tag=623dcc8708c76 HTTP/1.1" 200 3337 "http://localhost:81/web//index.php?r=country%2Findex" "Mozilla/5.0 (X11; Linux x86_64) AppleWebKit/537.36 (KHTML, like Gecko) Chrome/99.0.4844.82 Safari/537.36"
- - - [25/Mar/2022:15:07:10 +0100] "OPTIONS * HTTP/1.0" 200 - "-" "Apache/2.4.52 (Debian) (internal dummy connection)"
